[2022-08-05T15:59:03.549Z] Log level: Info
[2022-08-05T15:59:03.550Z] [info] Validating found git in: git
[2022-08-05T15:59:03.592Z] [info] Using git 2.37.1 from git
[2022-08-05T15:59:03.604Z] > git rev-parse --show-toplevel [4ms]
[2022-08-05T15:59:03.634Z] > git rev-parse --git-dir --git-common-dir [21ms]
[2022-08-05T15:59:03.640Z] [info] Open repository: /home/h4ck4u/Documents/Web_programing/work3/WEB1
[2022-08-05T15:59:03.654Z] > git status -z -uall [6ms]
[2022-08-05T15:59:03.661Z] > git symbolic-ref --short HEAD [1ms]
[2022-08-05T15:59:03.684Z] > git for-each-ref --format=%(refname)%00%(upstream:short)%00%(objectname)%00%(upstream:track)%00%(upstream:remotename)%00%(upstream:remoteref) refs/heads/main refs/remotes/main [18ms]
[2022-08-05T15:59:03.696Z] > git remote --verbose [2ms]
[2022-08-05T15:59:03.697Z] > git for-each-ref --sort -committerdate --format %(refname) %(objectname) %(*objectname) [8ms]
[2022-08-05T15:59:03.706Z] > git config --get commit.template [0ms]
[2022-08-05T15:59:03.716Z] > git status -z -uall [3ms]
[2022-08-05T15:59:03.722Z] > git symbolic-ref --short HEAD [1ms]
[2022-08-05T15:59:03.728Z] > git for-each-ref --format=%(refname)%00%(upstream:short)%00%(objectname)%00%(upstream:track)%00%(upstream:remotename)%00%(upstream:remoteref) refs/heads/main refs/remotes/main [1ms]
[2022-08-05T15:59:03.740Z] > git remote --verbose [2ms]
[2022-08-05T15:59:03.740Z] > git for-each-ref --sort -committerdate --format %(refname) %(objectname) %(*objectname) [6ms]
[2022-08-05T15:59:03.747Z] > git config --get commit.template [1ms]
[2022-08-05T15:59:03.964Z] > git show --textconv :Works UIS/Work5/index.html [7ms]
[2022-08-05T15:59:03.965Z] > git ls-files --stage -- /home/h4ck4u/Documents/Web_programing/work3/WEB1/Works UIS/Work5/index.html [3ms]
[2022-08-05T15:59:03.972Z] > git cat-file -s e15b39c524b5a9223461ee760571b11caf526db5 [1ms]
[2022-08-05T15:59:04.190Z] > git check-ignore -v -z --stdin [1ms]
[2022-08-05T16:01:36.307Z] > git show --textconv :Works UIS/Work5/Style.css [12ms]
[2022-08-05T16:01:36.308Z] > git ls-files --stage -- /home/h4ck4u/Documents/Web_programing/work3/WEB1/Works UIS/Work5/Style.css [3ms]
[2022-08-05T16:01:36.318Z] > git cat-file -s f6bfff3ece78c776e91a2b8e0dd7b90fdc4d8074 [2ms]
[2022-08-05T16:08:17.760Z] > git status -z -uall [12ms]
[2022-08-05T16:08:17.780Z] > git symbolic-ref --short HEAD [2ms]
[2022-08-05T16:08:17.798Z] > git for-each-ref --format=%(refname)%00%(upstream:short)%00%(objectname)%00%(upstream:track)%00%(upstream:remotename)%00%(upstream:remoteref) refs/heads/main refs/remotes/main [2ms]
[2022-08-05T16:08:17.835Z] > git remote --verbose [5ms]
[2022-08-05T16:08:17.836Z] > git for-each-ref --sort -committerdate --format %(refname) %(objectname) %(*objectname) [22ms]
[2022-08-05T16:08:17.871Z] > git config --get commit.template [3ms]
[2022-08-05T16:08:21.496Z] > git show --textconv :Works UIS/Work5/index.html [8ms]
[2022-08-05T16:08:21.498Z] > git ls-files --stage -- /home/h4ck4u/Documents/Web_programing/work3/WEB1/Works UIS/Work5/index.html [3ms]
[2022-08-05T16:08:21.504Z] > git cat-file -s e15b39c524b5a9223461ee760571b11caf526db5 [0ms]
[2022-08-05T16:08:32.556Z] > git show --textconv :Works UIS/Work5/app.js [13ms]
[2022-08-05T16:08:32.556Z] > git ls-files --stage -- /home/h4ck4u/Documents/Web_programing/work3/WEB1/Works UIS/Work5/app.js [2ms]
[2022-08-05T16:08:32.568Z] > git cat-file -s 696878f03a2c307e4b389ed381c845263475682b [2ms]
[2022-08-05T16:08:36.965Z] > git show --textconv :Works UIS/Work5/index.html [10ms]
[2022-08-05T16:08:36.965Z] > git ls-files --stage -- /home/h4ck4u/Documents/Web_programing/work3/WEB1/Works UIS/Work5/index.html [1ms]
[2022-08-05T16:08:36.973Z] > git cat-file -s e15b39c524b5a9223461ee760571b11caf526db5 [1ms]
[2022-08-05T16:09:11.626Z] > git status -z -uall [6ms]
[2022-08-05T16:09:11.646Z] > git symbolic-ref --short HEAD [2ms]
[2022-08-05T16:09:11.663Z] > git for-each-ref --format=%(refname)%00%(upstream:short)%00%(objectname)%00%(upstream:track)%00%(upstream:remotename)%00%(upstream:remoteref) refs/heads/main refs/remotes/main [3ms]
[2022-08-05T16:09:11.695Z] > git remote --verbose [3ms]
[2022-08-05T16:09:11.696Z] > git for-each-ref --sort -committerdate --format %(refname) %(objectname) %(*objectname) [19ms]
[2022-08-05T16:09:11.716Z] > git config --get commit.template [2ms]
[2022-08-05T16:09:12.084Z] > git show --textconv :Works UIS/Work5/app.js [11ms]
[2022-08-05T16:09:12.086Z] > git ls-files --stage -- /home/h4ck4u/Documents/Web_programing/work3/WEB1/Works UIS/Work5/app.js [3ms]
[2022-08-05T16:09:12.097Z] > git cat-file -s 696878f03a2c307e4b389ed381c845263475682b [2ms]
[2022-08-05T16:09:23.406Z] > git show --textconv :Works UIS/Work5/index.html [10ms]
[2022-08-05T16:09:23.408Z] > git ls-files --stage -- /home/h4ck4u/Documents/Web_programing/work3/WEB1/Works UIS/Work5/index.html [3ms]
[2022-08-05T16:09:23.419Z] > git cat-file -s e15b39c524b5a9223461ee760571b11caf526db5 [2ms]
[2022-08-05T16:09:30.960Z] > git status -z -uall [11ms]
[2022-08-05T16:09:30.979Z] > git symbolic-ref --short HEAD [4ms]
[2022-08-05T16:09:30.997Z] > git for-each-ref --format=%(refname)%00%(upstream:short)%00%(objectname)%00%(upstream:track)%00%(upstream:remotename)%00%(upstream:remoteref) refs/heads/main refs/remotes/main [3ms]
[2022-08-05T16:09:31.029Z] > git for-each-ref --sort -committerdate --format %(refname) %(objectname) %(*objectname) [16ms]
[2022-08-05T16:09:31.030Z] > git remote --verbose [4ms]
[2022-08-05T16:09:31.054Z] > git config --get commit.template [3ms]
[2022-08-05T16:09:32.189Z] > git show --textconv :Works UIS/Work5/app.js [16ms]
[2022-08-05T16:09:32.192Z] > git ls-files --stage -- /home/h4ck4u/Documents/Web_programing/work3/WEB1/Works UIS/Work5/app.js [4ms]
[2022-08-05T16:09:32.210Z] > git cat-file -s 696878f03a2c307e4b389ed381c845263475682b [3ms]
[2022-08-05T16:09:44.128Z] > git status -z -uall [9ms]
[2022-08-05T16:09:44.143Z] > git symbolic-ref --short HEAD [2ms]
[2022-08-05T16:09:44.158Z] > git for-each-ref --format=%(refname)%00%(upstream:short)%00%(objectname)%00%(upstream:track)%00%(upstream:remotename)%00%(upstream:remoteref) refs/heads/main refs/remotes/main [2ms]
[2022-08-05T16:09:44.185Z] > git for-each-ref --sort -committerdate --format %(refname) %(objectname) %(*objectname) [13ms]
[2022-08-05T16:09:44.187Z] > git remote --verbose [3ms]
[2022-08-05T16:09:44.209Z] > git config --get commit.template [4ms]
[2022-08-05T16:09:59.230Z] > git show --textconv :Works UIS/Work5/index.html [10ms]
[2022-08-05T16:09:59.230Z] > git ls-files --stage -- /home/h4ck4u/Documents/Web_programing/work3/WEB1/Works UIS/Work5/index.html [1ms]
[2022-08-05T16:09:59.240Z] > git cat-file -s e15b39c524b5a9223461ee760571b11caf526db5 [2ms]
[2022-08-05T16:10:10.517Z] > git show --textconv :Works UIS/Work5/app.js [6ms]
[2022-08-05T16:10:10.517Z] > git ls-files --stage -- /home/h4ck4u/Documents/Web_programing/work3/WEB1/Works UIS/Work5/app.js [1ms]
[2022-08-05T16:10:10.525Z] > git cat-file -s 696878f03a2c307e4b389ed381c845263475682b [1ms]
[2022-08-05T16:11:37.254Z] > git show --textconv :Works UIS/Work5/index.html [7ms]
[2022-08-05T16:11:37.255Z] > git ls-files --stage -- /home/h4ck4u/Documents/Web_programing/work3/WEB1/Works UIS/Work5/index.html [1ms]
[2022-08-05T16:11:37.263Z] > git cat-file -s e15b39c524b5a9223461ee760571b11caf526db5 [1ms]
[2022-08-05T16:11:52.251Z] > git status -z -uall [12ms]
[2022-08-05T16:11:52.266Z] > git symbolic-ref --short HEAD [1ms]
[2022-08-05T16:11:52.282Z] > git for-each-ref --format=%(refname)%00%(upstream:short)%00%(objectname)%00%(upstream:track)%00%(upstream:remotename)%00%(upstream:remoteref) refs/heads/main refs/remotes/main [2ms]
[2022-08-05T16:11:52.311Z] > git remote --verbose [4ms]
[2022-08-05T16:11:52.312Z] > git for-each-ref --sort -committerdate --format %(refname) %(objectname) %(*objectname) [17ms]
[2022-08-05T16:11:52.337Z] > git config --get commit.template [2ms]
[2022-08-05T16:11:52.655Z] > git show --textconv :Works UIS/Work5/app.js [8ms]
[2022-08-05T16:11:52.656Z] > git ls-files --stage -- /home/h4ck4u/Documents/Web_programing/work3/WEB1/Works UIS/Work5/app.js [1ms]
[2022-08-05T16:11:52.666Z] > git cat-file -s 696878f03a2c307e4b389ed381c845263475682b [2ms]
[2022-08-05T16:13:31.739Z] > git show --textconv :Works UIS/Work5/index.html [9ms]
[2022-08-05T16:13:31.740Z] > git ls-files --stage -- /home/h4ck4u/Documents/Web_programing/work3/WEB1/Works UIS/Work5/index.html [2ms]
[2022-08-05T16:13:31.748Z] > git cat-file -s e15b39c524b5a9223461ee760571b11caf526db5 [1ms]
[2022-08-05T16:14:18.361Z] > git status -z -uall [6ms]
[2022-08-05T16:14:18.381Z] > git symbolic-ref --short HEAD [4ms]
[2022-08-05T16:14:18.400Z] > git for-each-ref --format=%(refname)%00%(upstream:short)%00%(objectname)%00%(upstream:track)%00%(upstream:remotename)%00%(upstream:remoteref) refs/heads/main refs/remotes/main [4ms]
[2022-08-05T16:14:18.429Z] > git remote --verbose [2ms]
[2022-08-05T16:14:18.429Z] > git for-each-ref --sort -committerdate --format %(refname) %(objectname) %(*objectname) [13ms]
[2022-08-05T16:14:18.450Z] > git config --get commit.template [3ms]
[2022-08-05T16:14:19.792Z] > git show --textconv :Works UIS/Work5/app.js [10ms]
[2022-08-05T16:14:19.793Z] > git ls-files --stage -- /home/h4ck4u/Documents/Web_programing/work3/WEB1/Works UIS/Work5/app.js [2ms]
[2022-08-05T16:14:19.804Z] > git cat-file -s 696878f03a2c307e4b389ed381c845263475682b [2ms]
[2022-08-05T16:14:50.841Z] > git status -z -uall [8ms]
[2022-08-05T16:14:50.860Z] > git symbolic-ref --short HEAD [3ms]
[2022-08-05T16:14:50.876Z] > git for-each-ref --format=%(refname)%00%(upstream:short)%00%(objectname)%00%(upstream:track)%00%(upstream:remotename)%00%(upstream:remoteref) refs/heads/main refs/remotes/main [3ms]
[2022-08-05T16:14:50.906Z] > git for-each-ref --sort -committerdate --format %(refname) %(objectname) %(*objectname) [16ms]
[2022-08-05T16:14:50.908Z] > git remote --verbose [4ms]
[2022-08-05T16:14:50.924Z] > git config --get commit.template [1ms]
[2022-08-05T16:14:51.247Z] > git show --textconv :Works UIS/Work5/index.html [12ms]
[2022-08-05T16:14:51.248Z] > git ls-files --stage -- /home/h4ck4u/Documents/Web_programing/work3/WEB1/Works UIS/Work5/index.html [2ms]
[2022-08-05T16:14:51.256Z] > git cat-file -s e15b39c524b5a9223461ee760571b11caf526db5 [1ms]
[2022-08-05T16:14:53.574Z] > git show --textconv :Works UIS/Work5/app.js [10ms]
[2022-08-05T16:14:53.575Z] > git ls-files --stage -- /home/h4ck4u/Documents/Web_programing/work3/WEB1/Works UIS/Work5/app.js [4ms]
[2022-08-05T16:14:53.586Z] > git cat-file -s 696878f03a2c307e4b389ed381c845263475682b [3ms]
[2022-08-05T16:15:13.481Z] > git status -z -uall [7ms]
[2022-08-05T16:15:13.490Z] > git symbolic-ref --short HEAD [0ms]
[2022-08-05T16:15:13.504Z] > git for-each-ref --format=%(refname)%00%(upstream:short)%00%(objectname)%00%(upstream:track)%00%(upstream:remotename)%00%(upstream:remoteref) refs/heads/main refs/remotes/main [3ms]
[2022-08-05T16:15:13.524Z] > git remote --verbose [1ms]
[2022-08-05T16:15:13.524Z] > git for-each-ref --sort -committerdate --format %(refname) %(objectname) %(*objectname) [9ms]
[2022-08-05T16:15:13.536Z] > git config --get commit.template [1ms]
[2022-08-05T16:17:04.787Z] > git show --textconv :Works UIS/Work5/Style.css [13ms]
[2022-08-05T16:17:04.788Z] > git ls-files --stage -- /home/h4ck4u/Documents/Web_programing/work3/WEB1/Works UIS/Work5/Style.css [3ms]
[2022-08-05T16:17:04.820Z] > git cat-file -s f6bfff3ece78c776e91a2b8e0dd7b90fdc4d8074 [20ms]
[2022-08-05T16:17:08.103Z] > git show --textconv :Works UIS/Work5/index.html [9ms]
[2022-08-05T16:17:08.103Z] > git ls-files --stage -- /home/h4ck4u/Documents/Web_programing/work3/WEB1/Works UIS/Work5/index.html [1ms]
[2022-08-05T16:17:08.116Z] > git cat-file -s e15b39c524b5a9223461ee760571b11caf526db5 [4ms]
[2022-08-05T16:17:27.941Z] > git show --textconv :Works UIS/Work5/app.js [9ms]
[2022-08-05T16:17:27.942Z] > git ls-files --stage -- /home/h4ck4u/Documents/Web_programing/work3/WEB1/Works UIS/Work5/app.js [2ms]
[2022-08-05T16:17:27.951Z] > git cat-file -s 696878f03a2c307e4b389ed381c845263475682b [1ms]
[2022-08-05T16:18:30.666Z] > git show --textconv :Works UIS/Work5/app.js [10ms]
[2022-08-05T16:18:30.667Z] > git ls-files --stage -- /home/h4ck4u/Documents/Web_programing/work3/WEB1/Works UIS/Work5/app.js [2ms]
[2022-08-05T16:18:30.676Z] > git cat-file -s 696878f03a2c307e4b389ed381c845263475682b [1ms]
[2022-08-05T16:20:39.726Z] > git show --textconv :Works UIS/Work5/app.js [10ms]
[2022-08-05T16:20:39.727Z] > git ls-files --stage -- /home/h4ck4u/Documents/Web_programing/work3/WEB1/Works UIS/Work5/app.js [3ms]
[2022-08-05T16:20:39.736Z] > git cat-file -s 696878f03a2c307e4b389ed381c845263475682b [1ms]
[2022-08-05T16:21:08.597Z] > git show --textconv :Works UIS/Work5/app.js [11ms]
[2022-08-05T16:21:08.598Z] > git ls-files --stage -- /home/h4ck4u/Documents/Web_programing/work3/WEB1/Works UIS/Work5/app.js [3ms]
[2022-08-05T16:21:08.611Z] > git cat-file -s 696878f03a2c307e4b389ed381c845263475682b [3ms]
[2022-08-05T16:23:59.822Z] > git status -z -uall [4ms]
[2022-08-05T16:23:59.836Z] > git symbolic-ref --short HEAD [2ms]
[2022-08-05T16:23:59.850Z] > git for-each-ref --format=%(refname)%00%(upstream:short)%00%(objectname)%00%(upstream:track)%00%(upstream:remotename)%00%(upstream:remoteref) refs/heads/main refs/remotes/main [3ms]
[2022-08-05T16:23:59.872Z] > git for-each-ref --sort -committerdate --format %(refname) %(objectname) %(*objectname) [11ms]
[2022-08-05T16:23:59.873Z] > git remote --verbose [2ms]
[2022-08-05T16:23:59.889Z] > git config --get commit.template [2ms]
[2022-08-05T16:25:18.463Z] > git status -z -uall [9ms]
[2022-08-05T16:25:18.474Z] > git symbolic-ref --short HEAD [2ms]
[2022-08-05T16:25:18.487Z] > git for-each-ref --format=%(refname)%00%(upstream:short)%00%(objectname)%00%(upstream:track)%00%(upstream:remotename)%00%(upstream:remoteref) refs/heads/main refs/remotes/main [2ms]
[2022-08-05T16:25:18.510Z] > git remote --verbose [2ms]
[2022-08-05T16:25:18.510Z] > git for-each-ref --sort -committerdate --format %(refname) %(objectname) %(*objectname) [13ms]
[2022-08-05T16:25:18.525Z] > git config --get commit.template [2ms]
[2022-08-05T16:25:35.310Z] > git status -z -uall [8ms]
[2022-08-05T16:25:35.320Z] > git symbolic-ref --short HEAD [2ms]
[2022-08-05T16:25:35.329Z] > git for-each-ref --format=%(refname)%00%(upstream:short)%00%(objectname)%00%(upstream:track)%00%(upstream:remotename)%00%(upstream:remoteref) refs/heads/main refs/remotes/main [2ms]
[2022-08-05T16:25:35.348Z] > git remote --verbose [2ms]
[2022-08-05T16:25:35.348Z] > git for-each-ref --sort -committerdate --format %(refname) %(objectname) %(*objectname) [10ms]
[2022-08-05T16:25:35.360Z] > git config --get commit.template [2ms]
[2022-08-05T16:26:11.241Z] > git status -z -uall [9ms]
[2022-08-05T16:26:11.256Z] > git symbolic-ref --short HEAD [2ms]
[2022-08-05T16:26:11.274Z] > git for-each-ref --format=%(refname)%00%(upstream:short)%00%(objectname)%00%(upstream:track)%00%(upstream:remotename)%00%(upstream:remoteref) refs/heads/main refs/remotes/main [3ms]
[2022-08-05T16:26:11.305Z] > git remote --verbose [1ms]
[2022-08-05T16:26:11.306Z] > git for-each-ref --sort -committerdate --format %(refname) %(objectname) %(*objectname) [16ms]
[2022-08-05T16:26:11.332Z] > git config --get commit.template [2ms]
[2022-08-05T16:26:26.807Z] > git show --textconv :Works UIS/Work5/app.js [13ms]
[2022-08-05T16:26:26.808Z] > git ls-files --stage -- /home/h4ck4u/Documents/Web_programing/work3/WEB1/Works UIS/Work5/app.js [5ms]
[2022-08-05T16:26:26.819Z] > git cat-file -s 696878f03a2c307e4b389ed381c845263475682b [3ms]
[2022-08-05T16:26:45.845Z] > git status -z -uall [9ms]
[2022-08-05T16:26:45.857Z] > git symbolic-ref --short HEAD [1ms]
[2022-08-05T16:26:45.870Z] > git for-each-ref --format=%(refname)%00%(upstream:short)%00%(objectname)%00%(upstream:track)%00%(upstream:remotename)%00%(upstream:remoteref) refs/heads/main refs/remotes/main [2ms]
[2022-08-05T16:26:45.892Z] > git for-each-ref --sort -committerdate --format %(refname) %(objectname) %(*objectname) [11ms]
[2022-08-05T16:26:45.893Z] > git remote --verbose [3ms]
[2022-08-05T16:26:45.906Z] > git config --get commit.template [1ms]
[2022-08-05T16:27:07.160Z] > git status -z -uall [4ms]
[2022-08-05T16:27:07.172Z] > git symbolic-ref --short HEAD [2ms]
[2022-08-05T16:27:07.181Z] > git for-each-ref --format=%(refname)%00%(upstream:short)%00%(objectname)%00%(upstream:track)%00%(upstream:remotename)%00%(upstream:remoteref) refs/heads/main refs/remotes/main [1ms]
[2022-08-05T16:27:07.200Z] > git for-each-ref --sort -committerdate --format %(refname) %(objectname) %(*objectname) [10ms]
[2022-08-05T16:27:07.201Z] > git remote --verbose [2ms]
[2022-08-05T16:27:07.215Z] > git config --get commit.template [1ms]
[2022-08-05T16:28:25.250Z] > git status -z -uall [4ms]
[2022-08-05T16:28:25.263Z] > git symbolic-ref --short HEAD [2ms]
[2022-08-05T16:28:25.276Z] > git for-each-ref --format=%(refname)%00%(upstream:short)%00%(objectname)%00%(upstream:track)%00%(upstream:remotename)%00%(upstream:remoteref) refs/heads/main refs/remotes/main [2ms]
[2022-08-05T16:28:25.298Z] > git for-each-ref --sort -committerdate --format %(refname) %(objectname) %(*objectname) [13ms]
[2022-08-05T16:28:25.299Z] > git remote --verbose [4ms]
[2022-08-05T16:28:25.311Z] > git config --get commit.template [1ms]
[2022-08-05T16:28:30.056Z] > git show --textconv :Works UIS/Work5/app.js [13ms]
[2022-08-05T16:28:30.058Z] > git ls-files --stage -- /home/h4ck4u/Documents/Web_programing/work3/WEB1/Works UIS/Work5/app.js [5ms]
[2022-08-05T16:28:30.070Z] > git cat-file -s 696878f03a2c307e4b389ed381c845263475682b [2ms]
[2022-08-05T16:37:40.059Z] > git status -z -uall [7ms]
[2022-08-05T16:37:40.076Z] > git symbolic-ref --short HEAD [2ms]
[2022-08-05T16:37:40.092Z] > git for-each-ref --format=%(refname)%00%(upstream:short)%00%(objectname)%00%(upstream:track)%00%(upstream:remotename)%00%(upstream:remoteref) refs/heads/main refs/remotes/main [3ms]
[2022-08-05T16:37:40.123Z] > git for-each-ref --sort -committerdate --format %(refname) %(objectname) %(*objectname) [17ms]
[2022-08-05T16:37:40.125Z] > git remote --verbose [3ms]
[2022-08-05T16:37:40.142Z] > git config --get commit.template [2ms]
[2022-08-05T16:38:22.131Z] > git show --textconv :Works UIS/Work5/app.js [11ms]
[2022-08-05T16:38:22.133Z] > git ls-files --stage -- /home/h4ck4u/Documents/Web_programing/work3/WEB1/Works UIS/Work5/app.js [5ms]
[2022-08-05T16:38:22.142Z] > git cat-file -s 696878f03a2c307e4b389ed381c845263475682b [1ms]
[2022-08-05T16:41:26.185Z] > git status -z -uall [9ms]
[2022-08-05T16:41:26.197Z] > git symbolic-ref --short HEAD [1ms]
[2022-08-05T16:41:26.212Z] > git for-each-ref --format=%(refname)%00%(upstream:short)%00%(objectname)%00%(upstream:track)%00%(upstream:remotename)%00%(upstream:remoteref) refs/heads/main refs/remotes/main [2ms]
[2022-08-05T16:41:26.239Z] > git for-each-ref --sort -committerdate --format %(refname) %(objectname) %(*objectname) [15ms]
[2022-08-05T16:41:26.240Z] > git remote --verbose [5ms]
[2022-08-05T16:41:26.257Z] > git config --get commit.template [1ms]
[2022-08-05T16:44:19.430Z] > git status -z -uall [10ms]
[2022-08-05T16:44:19.442Z] > git symbolic-ref --short HEAD [1ms]
[2022-08-05T16:44:19.455Z] > git for-each-ref --format=%(refname)%00%(upstream:short)%00%(objectname)%00%(upstream:track)%00%(upstream:remotename)%00%(upstream:remoteref) refs/heads/main refs/remotes/main [2ms]
[2022-08-05T16:44:19.473Z] > git for-each-ref --sort -committerdate --format %(refname) %(objectname) %(*objectname) [10ms]
[2022-08-05T16:44:19.474Z] > git remote --verbose [2ms]
[2022-08-05T16:44:19.491Z] > git config --get commit.template [1ms]
[2022-08-05T16:44:37.514Z] > git status -z -uall [8ms]
[2022-08-05T16:44:37.527Z] > git symbolic-ref --short HEAD [2ms]
[2022-08-05T16:44:37.542Z] > git for-each-ref --format=%(refname)%00%(upstream:short)%00%(objectname)%00%(upstream:track)%00%(upstream:remotename)%00%(upstream:remoteref) refs/heads/main refs/remotes/main [2ms]
[2022-08-05T16:44:37.566Z] > git for-each-ref --sort -committerdate --format %(refname) %(objectname) %(*objectname) [13ms]
[2022-08-05T16:44:37.566Z] > git remote --verbose [3ms]
[2022-08-05T16:44:37.581Z] > git config --get commit.template [1ms]
[2022-08-05T16:45:09.956Z] > git status -z -uall [12ms]
[2022-08-05T16:45:09.974Z] > git symbolic-ref --short HEAD [2ms]
[2022-08-05T16:45:09.993Z] > git for-each-ref --format=%(refname)%00%(upstream:short)%00%(objectname)%00%(upstream:track)%00%(upstream:remotename)%00%(upstream:remoteref) refs/heads/main refs/remotes/main [3ms]
[2022-08-05T16:45:10.023Z] > git for-each-ref --sort -committerdate --format %(refname) %(objectname) %(*objectname) [15ms]
[2022-08-05T16:45:10.024Z] > git remote --verbose [2ms]
[2022-08-05T16:45:10.044Z] > git config --get commit.template [2ms]
[2022-08-05T16:48:10.191Z] > git status -z -uall [8ms]
[2022-08-05T16:48:10.201Z] > git symbolic-ref --short HEAD [1ms]
[2022-08-05T16:48:10.211Z] > git for-each-ref --format=%(refname)%00%(upstream:short)%00%(objectname)%00%(upstream:track)%00%(upstream:remotename)%00%(upstream:remoteref) refs/heads/main refs/remotes/main [2ms]
[2022-08-05T16:48:10.231Z] > git for-each-ref --sort -committerdate --format %(refname) %(objectname) %(*objectname) [11ms]
[2022-08-05T16:48:10.232Z] > git remote --verbose [2ms]
[2022-08-05T16:48:10.243Z] > git config --get commit.template [1ms]
[2022-08-05T16:49:11.069Z] > git status -z -uall [8ms]
[2022-08-05T16:49:11.080Z] > git symbolic-ref --short HEAD [1ms]
[2022-08-05T16:49:11.093Z] > git for-each-ref --format=%(refname)%00%(upstream:short)%00%(objectname)%00%(upstream:track)%00%(upstream:remotename)%00%(upstream:remoteref) refs/heads/main refs/remotes/main [2ms]
[2022-08-05T16:49:11.114Z] > git for-each-ref --sort -committerdate --format %(refname) %(objectname) %(*objectname) [12ms]
[2022-08-05T16:49:11.114Z] > git remote --verbose [2ms]
[2022-08-05T16:49:11.127Z] > git config --get commit.template [2ms]
[2022-08-05T16:49:16.151Z] > git status -z -uall [10ms]
[2022-08-05T16:49:16.168Z] > git symbolic-ref --short HEAD [2ms]
[2022-08-05T16:49:16.189Z] > git for-each-ref --format=%(refname)%00%(upstream:short)%00%(objectname)%00%(upstream:track)%00%(upstream:remotename)%00%(upstream:remoteref) refs/heads/main refs/remotes/main [3ms]
[2022-08-05T16:49:16.216Z] > git for-each-ref --sort -committerdate --format %(refname) %(objectname) %(*objectname) [14ms]
[2022-08-05T16:49:16.217Z] > git remote --verbose [2ms]
[2022-08-05T16:49:16.232Z] > git config --get commit.template [1ms]
[2022-08-05T16:53:21.554Z] > git status -z -uall [7ms]
[2022-08-05T16:53:21.567Z] > git symbolic-ref --short HEAD [1ms]
[2022-08-05T16:53:21.580Z] > git for-each-ref --format=%(refname)%00%(upstream:short)%00%(objectname)%00%(upstream:track)%00%(upstream:remotename)%00%(upstream:remoteref) refs/heads/main refs/remotes/main [3ms]
[2022-08-05T16:53:21.602Z] > git remote --verbose [1ms]
[2022-08-05T16:53:21.603Z] > git for-each-ref --sort -committerdate --format %(refname) %(objectname) %(*objectname) [13ms]
[2022-08-05T16:53:21.616Z] > git config --get commit.template [1ms]
[2022-08-05T16:53:53.546Z] > git show --textconv :Works UIS/Work5/Style.css [13ms]
[2022-08-05T16:53:53.546Z] > git ls-files --stage -- /home/h4ck4u/Documents/Web_programing/work3/WEB1/Works UIS/Work5/Style.css [2ms]
[2022-08-05T16:53:53.555Z] > git cat-file -s f6bfff3ece78c776e91a2b8e0dd7b90fdc4d8074 [1ms]
[2022-08-05T16:57:04.507Z] > git status -z -uall [4ms]
[2022-08-05T16:57:04.522Z] > git symbolic-ref --short HEAD [2ms]
[2022-08-05T16:57:04.541Z] > git for-each-ref --format=%(refname)%00%(upstream:short)%00%(objectname)%00%(upstream:track)%00%(upstream:remotename)%00%(upstream:remoteref) refs/heads/main refs/remotes/main [3ms]
[2022-08-05T16:57:04.580Z] > git for-each-ref --sort -committerdate --format %(refname) %(objectname) %(*objectname) [21ms]
[2022-08-05T16:57:04.581Z] > git remote --verbose [4ms]
[2022-08-05T16:57:04.605Z] > git config --get commit.template [1ms]
[2022-08-05T16:57:49.579Z] > git status -z -uall [9ms]
[2022-08-05T16:57:49.593Z] > git symbolic-ref --short HEAD [1ms]
[2022-08-05T16:57:49.608Z] > git for-each-ref --format=%(refname)%00%(upstream:short)%00%(objectname)%00%(upstream:track)%00%(upstream:remotename)%00%(upstream:remoteref) refs/heads/main refs/remotes/main [2ms]
[2022-08-05T16:57:49.634Z] > git remote --verbose [2ms]
[2022-08-05T16:57:49.634Z] > git for-each-ref --sort -committerdate --format %(refname) %(objectname) %(*objectname) [13ms]
[2022-08-05T16:57:49.650Z] > git config --get commit.template [1ms]
[2022-08-05T16:58:14.547Z] > git status -z -uall [10ms]
[2022-08-05T16:58:14.562Z] > git symbolic-ref --short HEAD [1ms]
[2022-08-05T16:58:14.576Z] > git for-each-ref --format=%(refname)%00%(upstream:short)%00%(objectname)%00%(upstream:track)%00%(upstream:remotename)%00%(upstream:remoteref) refs/heads/main refs/remotes/main [2ms]
[2022-08-05T16:58:14.603Z] > git remote --verbose [3ms]
[2022-08-05T16:58:14.603Z] > git for-each-ref --sort -committerdate --format %(refname) %(objectname) %(*objectname) [15ms]
[2022-08-05T16:58:14.619Z] > git config --get commit.template [1ms]
[2022-08-05T16:59:01.461Z] > git status -z -uall [11ms]
[2022-08-05T16:59:01.481Z] > git symbolic-ref --short HEAD [2ms]
[2022-08-05T16:59:01.496Z] > git for-each-ref --format=%(refname)%00%(upstream:short)%00%(objectname)%00%(upstream:track)%00%(upstream:remotename)%00%(upstream:remoteref) refs/heads/main refs/remotes/main [2ms]
[2022-08-05T16:59:01.525Z] > git remote --verbose [4ms]
[2022-08-05T16:59:01.525Z] > git for-each-ref --sort -committerdate --format %(refname) %(objectname) %(*objectname) [17ms]
[2022-08-05T16:59:01.544Z] > git config --get commit.template [1ms]
[2022-08-05T16:59:30.653Z] > git status -z -uall [9ms]
[2022-08-05T16:59:30.666Z] > git symbolic-ref --short HEAD [1ms]
[2022-08-05T16:59:30.681Z] > git for-each-ref --format=%(refname)%00%(upstream:short)%00%(objectname)%00%(upstream:track)%00%(upstream:remotename)%00%(upstream:remoteref) refs/heads/main refs/remotes/main [2ms]
[2022-08-05T16:59:30.706Z] > git for-each-ref --sort -committerdate --format %(refname) %(objectname) %(*objectname) [13ms]
[2022-08-05T16:59:30.706Z] > git remote --verbose [2ms]
[2022-08-05T16:59:30.722Z] > git config --get commit.template [1ms]
[2022-08-05T17:00:06.280Z] > git status -z -uall [10ms]
[2022-08-05T17:00:06.293Z] > git symbolic-ref --short HEAD [1ms]
[2022-08-05T17:00:06.306Z] > git for-each-ref --format=%(refname)%00%(upstream:short)%00%(objectname)%00%(upstream:track)%00%(upstream:remotename)%00%(upstream:remoteref) refs/heads/main refs/remotes/main [2ms]
[2022-08-05T17:00:06.330Z] > git for-each-ref --sort -committerdate --format %(refname) %(objectname) %(*objectname) [13ms]
[2022-08-05T17:00:06.330Z] > git remote --verbose [2ms]
[2022-08-05T17:00:06.342Z] > git config --get commit.template [1ms]
[2022-08-05T17:01:31.737Z] > git status -z -uall [6ms]
[2022-08-05T17:01:31.756Z] > git symbolic-ref --short HEAD [2ms]
[2022-08-05T17:01:31.774Z] > git for-each-ref --format=%(refname)%00%(upstream:short)%00%(objectname)%00%(upstream:track)%00%(upstream:remotename)%00%(upstream:remoteref) refs/heads/main refs/remotes/main [2ms]
[2022-08-05T17:01:31.813Z] > git remote --verbose [2ms]
[2022-08-05T17:01:31.814Z] > git for-each-ref --sort -committerdate --format %(refname) %(objectname) %(*objectname) [20ms]
[2022-08-05T17:01:31.837Z] > git config --get commit.template [2ms]
[2022-08-05T17:02:18.900Z] > git status -z -uall [10ms]
[2022-08-05T17:02:18.920Z] > git symbolic-ref --short HEAD [2ms]
[2022-08-05T17:02:18.939Z] > git for-each-ref --format=%(refname)%00%(upstream:short)%00%(objectname)%00%(upstream:track)%00%(upstream:remotename)%00%(upstream:remoteref) refs/heads/main refs/remotes/main [3ms]
[2022-08-05T17:02:18.973Z] > git remote --verbose [3ms]
[2022-08-05T17:02:18.974Z] > git for-each-ref --sort -committerdate --format %(refname) %(objectname) %(*objectname) [19ms]
[2022-08-05T17:02:18.995Z] > git config --get commit.template [2ms]
[2022-08-05T17:03:59.382Z] > git status -z -uall [8ms]
[2022-08-05T17:03:59.405Z] > git symbolic-ref --short HEAD [3ms]
[2022-08-05T17:03:59.429Z] > git for-each-ref --format=%(refname)%00%(upstream:short)%00%(objectname)%00%(upstream:track)%00%(upstream:remotename)%00%(upstream:remoteref) refs/heads/main refs/remotes/main [4ms]
[2022-08-05T17:03:59.468Z] > git remote --verbose [4ms]
[2022-08-05T17:03:59.468Z] > git for-each-ref --sort -committerdate --format %(refname) %(objectname) %(*objectname) [21ms]
[2022-08-05T17:03:59.496Z] > git config --get commit.template [4ms]
[2022-08-05T17:05:16.406Z] > git status -z -uall [10ms]
[2022-08-05T17:05:16.421Z] > git symbolic-ref --short HEAD [2ms]
[2022-08-05T17:05:16.436Z] > git for-each-ref --format=%(refname)%00%(upstream:short)%00%(objectname)%00%(upstream:track)%00%(upstream:remotename)%00%(upstream:remoteref) refs/heads/main refs/remotes/main [2ms]
[2022-08-05T17:05:16.465Z] > git remote --verbose [3ms]
[2022-08-05T17:05:16.465Z] > git for-each-ref --sort -committerdate --format %(refname) %(objectname) %(*objectname) [15ms]
[2022-08-05T17:05:16.483Z] > git config --get commit.template [2ms]
