[2022-08-07 07:24:14.448] [exthost] [info] Extension host with pid 4838 started
[2022-08-07 07:24:14.514] [exthost] [info] ExtensionService#_doActivateExtension vscode.microsoft-authentication, startup: false, activationEvent: 'onAuthenticationRequest:microsoft'
[2022-08-07 07:24:14.541] [exthost] [info] ExtensionService#_doActivateExtension vscode.debug-auto-launch, startup: true, activationEvent: '*'
[2022-08-07 07:24:14.544] [exthost] [info] ExtensionService#_doActivateExtension vscode.git-base, startup: true, activationEvent: '*', root cause: vscode.git
[2022-08-07 07:24:14.547] [exthost] [info] ExtensionService#_doActivateExtension vscode.ipynb, startup: true, activationEvent: '*'
[2022-08-07 07:24:14.551] [exthost] [info] ExtensionService#_doActivateExtension dlasagno.wal-theme, startup: true, activationEvent: '*'
[2022-08-07 07:24:14.625] [exthost] [info] ExtensionService#_doActivateExtension ecmel.vscode-html-css, startup: true, activationEvent: '*'
[2022-08-07 07:24:14.647] [exthost] [info] ExtensionService#_doActivateExtension vscodevim.vim, startup: true, activationEvent: '*'
[2022-08-07 07:24:14.818] [exthost] [info] ExtensionService#_doActivateExtension vscode.git, startup: true, activationEvent: '*'
[2022-08-07 07:24:14.843] [exthost] [info] ExtensionService#_doActivateExtension vscode.github, startup: true, activationEvent: '*'
[2022-08-07 07:24:14.976] [exthost] [info] Eager extensions activated
[2022-08-07 07:24:14.977] [exthost] [info] ExtensionService#_doActivateExtension vscode.github-authentication, startup: false, activationEvent: 'onAuthenticationRequest:github'
[2022-08-07 07:24:15.013] [exthost] [info] ExtensionService#_doActivateExtension vscode.emmet, startup: false, activationEvent: 'onStartupFinished'
[2022-08-07 07:24:15.023] [exthost] [info] ExtensionService#_doActivateExtension vscode.merge-conflict, startup: false, activationEvent: 'onStartupFinished'
[2022-08-07 07:24:23.167] [exthost] [info] ExtensionService#_doActivateExtension vscode.html-language-features, startup: false, activationEvent: 'onLanguage:html'
[2022-08-07 07:24:47.254] [exthost] [error] [ecmel.vscode-html-css] provider FAILED
[2022-08-07 07:24:47.255] [exthost] [error] undefined
[2022-08-07 07:24:49.345] [exthost] [error] [ecmel.vscode-html-css] provider FAILED
[2022-08-07 07:24:49.345] [exthost] [error] undefined
[2022-08-07 07:24:49.936] [exthost] [error] [ecmel.vscode-html-css] provider FAILED
[2022-08-07 07:24:49.936] [exthost] [error] undefined
[2022-08-07 07:24:50.627] [exthost] [error] [ecmel.vscode-html-css] provider FAILED
[2022-08-07 07:24:50.627] [exthost] [error] undefined
[2022-08-07 07:24:51.103] [exthost] [error] [ecmel.vscode-html-css] provider FAILED
[2022-08-07 07:24:51.103] [exthost] [error] undefined
[2022-08-07 07:24:52.495] [exthost] [error] [ecmel.vscode-html-css] provider FAILED
[2022-08-07 07:24:52.496] [exthost] [error] undefined
[2022-08-07 07:24:53.492] [exthost] [error] [ecmel.vscode-html-css] provider FAILED
[2022-08-07 07:24:53.492] [exthost] [error] undefined
[2022-08-07 07:24:56.763] [exthost] [error] [ecmel.vscode-html-css] provider FAILED
[2022-08-07 07:24:56.763] [exthost] [error] undefined
[2022-08-07 07:24:58.215] [exthost] [error] [ecmel.vscode-html-css] provider FAILED
[2022-08-07 07:24:58.215] [exthost] [error] undefined
[2022-08-07 07:25:00.947] [exthost] [error] [ecmel.vscode-html-css] provider FAILED
[2022-08-07 07:25:00.948] [exthost] [error] undefined
[2022-08-07 07:25:01.072] [exthost] [error] [ecmel.vscode-html-css] provider FAILED
[2022-08-07 07:25:01.072] [exthost] [error] undefined
[2022-08-07 07:25:01.305] [exthost] [error] [ecmel.vscode-html-css] provider FAILED
[2022-08-07 07:25:01.305] [exthost] [error] undefined
[2022-08-07 07:25:01.864] [exthost] [error] [ecmel.vscode-html-css] provider FAILED
[2022-08-07 07:25:01.864] [exthost] [error] undefined
[2022-08-07 07:25:04.796] [exthost] [error] [ecmel.vscode-html-css] provider FAILED
[2022-08-07 07:25:04.796] [exthost] [error] undefined
[2022-08-07 07:25:05.231] [exthost] [error] [ecmel.vscode-html-css] provider FAILED
[2022-08-07 07:25:05.231] [exthost] [error] undefined
[2022-08-07 07:25:05.468] [exthost] [error] [ecmel.vscode-html-css] provider FAILED
[2022-08-07 07:25:05.468] [exthost] [error] undefined
[2022-08-07 07:25:06.514] [exthost] [error] [ecmel.vscode-html-css] provider FAILED
[2022-08-07 07:25:06.514] [exthost] [error] undefined
[2022-08-07 07:26:07.025] [exthost] [error] [ecmel.vscode-html-css] provider FAILED
[2022-08-07 07:26:07.026] [exthost] [error] undefined
[2022-08-07 07:26:10.192] [exthost] [error] [ecmel.vscode-html-css] provider FAILED
[2022-08-07 07:26:10.192] [exthost] [error] undefined
[2022-08-07 07:26:11.010] [exthost] [error] [ecmel.vscode-html-css] provider FAILED
[2022-08-07 07:26:11.010] [exthost] [error] undefined
[2022-08-07 07:26:18.129] [exthost] [error] [ecmel.vscode-html-css] provider FAILED
[2022-08-07 07:26:18.129] [exthost] [error] undefined
[2022-08-07 07:26:22.352] [exthost] [error] [ecmel.vscode-html-css] provider FAILED
[2022-08-07 07:26:22.352] [exthost] [error] undefined
[2022-08-07 07:26:23.892] [exthost] [error] [ecmel.vscode-html-css] provider FAILED
[2022-08-07 07:26:23.892] [exthost] [error] undefined
[2022-08-07 07:26:25.376] [exthost] [error] [ecmel.vscode-html-css] provider FAILED
[2022-08-07 07:26:25.377] [exthost] [error] undefined
[2022-08-07 07:26:25.591] [exthost] [error] [ecmel.vscode-html-css] provider FAILED
[2022-08-07 07:26:25.592] [exthost] [error] undefined
[2022-08-07 07:26:25.746] [exthost] [error] [ecmel.vscode-html-css] provider FAILED
[2022-08-07 07:26:25.746] [exthost] [error] undefined
[2022-08-07 07:26:25.914] [exthost] [error] [ecmel.vscode-html-css] provider FAILED
[2022-08-07 07:26:25.914] [exthost] [error] undefined
[2022-08-07 07:26:26.092] [exthost] [error] [ecmel.vscode-html-css] provider FAILED
[2022-08-07 07:26:26.092] [exthost] [error] undefined
[2022-08-07 07:26:27.094] [exthost] [error] [ecmel.vscode-html-css] provider FAILED
[2022-08-07 07:26:27.094] [exthost] [error] undefined
[2022-08-07 07:26:27.925] [exthost] [error] [ecmel.vscode-html-css] provider FAILED
[2022-08-07 07:26:27.925] [exthost] [error] undefined
[2022-08-07 07:26:29.533] [exthost] [error] [ecmel.vscode-html-css] provider FAILED
[2022-08-07 07:26:29.533] [exthost] [error] undefined
[2022-08-07 07:26:31.255] [exthost] [error] [ecmel.vscode-html-css] provider FAILED
[2022-08-07 07:26:31.255] [exthost] [error] undefined
[2022-08-07 07:27:26.335] [exthost] [error] [ecmel.vscode-html-css] provider FAILED
[2022-08-07 07:27:26.335] [exthost] [error] undefined
[2022-08-07 07:27:37.643] [exthost] [error] [ecmel.vscode-html-css] provider FAILED
[2022-08-07 07:27:37.643] [exthost] [error] undefined
[2022-08-07 07:27:51.707] [exthost] [error] [ecmel.vscode-html-css] provider FAILED
[2022-08-07 07:27:51.707] [exthost] [error] undefined
[2022-08-07 07:29:03.052] [exthost] [error] [ecmel.vscode-html-css] provider FAILED
[2022-08-07 07:29:03.052] [exthost] [error] undefined
[2022-08-07 07:29:04.682] [exthost] [error] [ecmel.vscode-html-css] provider FAILED
[2022-08-07 07:29:04.682] [exthost] [error] undefined
[2022-08-07 07:29:05.173] [exthost] [error] [ecmel.vscode-html-css] provider FAILED
[2022-08-07 07:29:05.173] [exthost] [error] undefined
[2022-08-07 07:29:05.249] [exthost] [error] [ecmel.vscode-html-css] provider FAILED
[2022-08-07 07:29:05.249] [exthost] [error] undefined
[2022-08-07 07:30:23.853] [exthost] [error] [ecmel.vscode-html-css] provider FAILED
[2022-08-07 07:30:23.853] [exthost] [error] undefined
[2022-08-07 07:30:32.719] [exthost] [error] [ecmel.vscode-html-css] provider FAILED
[2022-08-07 07:30:32.719] [exthost] [error] undefined
[2022-08-07 07:30:33.827] [exthost] [error] [ecmel.vscode-html-css] provider FAILED
[2022-08-07 07:30:33.827] [exthost] [error] undefined
[2022-08-07 07:30:34.772] [exthost] [error] [ecmel.vscode-html-css] provider FAILED
[2022-08-07 07:30:34.772] [exthost] [error] undefined
[2022-08-07 07:30:35.489] [exthost] [error] [ecmel.vscode-html-css] provider FAILED
[2022-08-07 07:30:35.489] [exthost] [error] undefined
[2022-08-07 07:30:36.390] [exthost] [error] [ecmel.vscode-html-css] provider FAILED
[2022-08-07 07:30:36.391] [exthost] [error] undefined
[2022-08-07 07:30:37.143] [exthost] [error] [ecmel.vscode-html-css] provider FAILED
[2022-08-07 07:30:37.143] [exthost] [error] undefined
[2022-08-07 07:30:38.484] [exthost] [error] [ecmel.vscode-html-css] provider FAILED
[2022-08-07 07:30:38.485] [exthost] [error] undefined
[2022-08-07 07:30:40.272] [exthost] [error] [ecmel.vscode-html-css] provider FAILED
[2022-08-07 07:30:40.273] [exthost] [error] undefined
[2022-08-07 07:31:06.313] [exthost] [error] [ecmel.vscode-html-css] provider FAILED
[2022-08-07 07:31:06.313] [exthost] [error] undefined
[2022-08-07 07:31:11.145] [exthost] [error] [ecmel.vscode-html-css] provider FAILED
[2022-08-07 07:31:11.145] [exthost] [error] undefined
[2022-08-07 07:31:34.184] [exthost] [error] [ecmel.vscode-html-css] provider FAILED
[2022-08-07 07:31:34.184] [exthost] [error] undefined
[2022-08-07 07:31:43.701] [exthost] [error] [ecmel.vscode-html-css] provider FAILED
[2022-08-07 07:31:43.701] [exthost] [error] undefined
[2022-08-07 07:31:47.622] [exthost] [error] [ecmel.vscode-html-css] provider FAILED
[2022-08-07 07:31:47.622] [exthost] [error] undefined
[2022-08-07 07:32:22.031] [exthost] [error] [ecmel.vscode-html-css] provider FAILED
[2022-08-07 07:32:22.031] [exthost] [error] undefined
[2022-08-07 07:33:42.738] [exthost] [error] [ecmel.vscode-html-css] provider FAILED
[2022-08-07 07:33:42.739] [exthost] [error] undefined
[2022-08-07 07:33:53.020] [exthost] [error] [ecmel.vscode-html-css] provider FAILED
[2022-08-07 07:33:53.020] [exthost] [error] undefined
[2022-08-07 07:33:55.300] [exthost] [error] [ecmel.vscode-html-css] provider FAILED
[2022-08-07 07:33:55.301] [exthost] [error] undefined
[2022-08-07 07:33:56.036] [exthost] [error] [ecmel.vscode-html-css] provider FAILED
[2022-08-07 07:33:56.036] [exthost] [error] undefined
[2022-08-07 07:33:58.203] [exthost] [error] [ecmel.vscode-html-css] provider FAILED
[2022-08-07 07:33:58.203] [exthost] [error] undefined
[2022-08-07 07:35:13.966] [exthost] [error] [ecmel.vscode-html-css] provider FAILED
[2022-08-07 07:35:13.966] [exthost] [error] undefined
[2022-08-07 07:35:20.299] [exthost] [error] [ecmel.vscode-html-css] provider FAILED
[2022-08-07 07:35:20.300] [exthost] [error] undefined
[2022-08-07 07:35:23.729] [exthost] [error] [ecmel.vscode-html-css] provider FAILED
[2022-08-07 07:35:23.730] [exthost] [error] undefined
[2022-08-07 07:35:25.232] [exthost] [error] [ecmel.vscode-html-css] provider FAILED
[2022-08-07 07:35:25.233] [exthost] [error] undefined
[2022-08-07 07:35:25.724] [exthost] [error] [ecmel.vscode-html-css] provider FAILED
[2022-08-07 07:35:25.724] [exthost] [error] undefined
[2022-08-07 07:35:26.345] [exthost] [error] [ecmel.vscode-html-css] provider FAILED
[2022-08-07 07:35:26.345] [exthost] [error] undefined
[2022-08-07 07:35:28.040] [exthost] [error] [ecmel.vscode-html-css] provider FAILED
[2022-08-07 07:35:28.040] [exthost] [error] undefined
[2022-08-07 07:38:12.228] [exthost] [error] [ecmel.vscode-html-css] provider FAILED
[2022-08-07 07:38:12.228] [exthost] [error] undefined
[2022-08-07 07:38:19.712] [exthost] [error] [ecmel.vscode-html-css] provider FAILED
[2022-08-07 07:38:19.712] [exthost] [error] undefined
[2022-08-07 07:38:37.019] [exthost] [error] [ecmel.vscode-html-css] provider FAILED
[2022-08-07 07:38:37.019] [exthost] [error] undefined
[2022-08-07 07:39:17.827] [exthost] [info] ExtensionService#_doActivateExtension Zignd.html-css-class-completion, startup: false, activationEvent: '*'
[2022-08-07 07:39:34.856] [exthost] [error] [ecmel.vscode-html-css] provider FAILED
[2022-08-07 07:39:34.856] [exthost] [error] undefined
[2022-08-07 07:39:36.445] [exthost] [error] [ecmel.vscode-html-css] provider FAILED
[2022-08-07 07:39:36.446] [exthost] [error] undefined
[2022-08-07 07:39:36.641] [exthost] [error] [ecmel.vscode-html-css] provider FAILED
[2022-08-07 07:39:36.641] [exthost] [error] undefined
[2022-08-07 07:39:37.080] [exthost] [error] [ecmel.vscode-html-css] provider FAILED
[2022-08-07 07:39:37.080] [exthost] [error] undefined
[2022-08-07 07:39:39.425] [exthost] [error] [ecmel.vscode-html-css] provider FAILED
[2022-08-07 07:39:39.425] [exthost] [error] undefined
[2022-08-07 07:39:48.703] [exthost] [error] [ecmel.vscode-html-css] provider FAILED
[2022-08-07 07:39:48.704] [exthost] [error] undefined
[2022-08-07 07:40:10.293] [exthost] [error] [ecmel.vscode-html-css] provider FAILED
[2022-08-07 07:40:10.294] [exthost] [error] undefined
[2022-08-07 07:40:14.335] [exthost] [error] [ecmel.vscode-html-css] provider FAILED
[2022-08-07 07:40:14.336] [exthost] [error] undefined
[2022-08-07 07:40:14.910] [exthost] [error] [ecmel.vscode-html-css] provider FAILED
[2022-08-07 07:40:14.910] [exthost] [error] undefined
[2022-08-07 07:41:11.036] [exthost] [error] [ecmel.vscode-html-css] provider FAILED
[2022-08-07 07:41:11.036] [exthost] [error] undefined
[2022-08-07 07:41:20.326] [exthost] [error] [ecmel.vscode-html-css] provider FAILED
[2022-08-07 07:41:20.326] [exthost] [error] undefined
[2022-08-07 07:41:57.150] [exthost] [error] [ecmel.vscode-html-css] provider FAILED
[2022-08-07 07:41:57.151] [exthost] [error] undefined
[2022-08-07 07:41:59.263] [exthost] [error] [ecmel.vscode-html-css] provider FAILED
[2022-08-07 07:41:59.263] [exthost] [error] undefined
[2022-08-07 07:42:05.972] [exthost] [error] [ecmel.vscode-html-css] provider FAILED
[2022-08-07 07:42:05.972] [exthost] [error] undefined
[2022-08-07 07:42:06.160] [exthost] [error] [ecmel.vscode-html-css] provider FAILED
[2022-08-07 07:42:06.160] [exthost] [error] undefined
[2022-08-07 07:42:06.356] [exthost] [error] [ecmel.vscode-html-css] provider FAILED
[2022-08-07 07:42:06.356] [exthost] [error] undefined
[2022-08-07 07:42:06.531] [exthost] [error] [ecmel.vscode-html-css] provider FAILED
[2022-08-07 07:42:06.531] [exthost] [error] undefined
[2022-08-07 07:42:07.459] [exthost] [error] [ecmel.vscode-html-css] provider FAILED
[2022-08-07 07:42:07.459] [exthost] [error] undefined
[2022-08-07 07:42:13.604] [exthost] [error] [ecmel.vscode-html-css] provider FAILED
[2022-08-07 07:42:13.604] [exthost] [error] undefined
[2022-08-07 07:43:44.062] [exthost] [error] [ecmel.vscode-html-css] provider FAILED
[2022-08-07 07:43:44.062] [exthost] [error] undefined
[2022-08-07 07:43:46.279] [exthost] [error] [ecmel.vscode-html-css] provider FAILED
[2022-08-07 07:43:46.279] [exthost] [error] undefined
[2022-08-07 07:43:50.258] [exthost] [error] [ecmel.vscode-html-css] provider FAILED
[2022-08-07 07:43:50.258] [exthost] [error] undefined
[2022-08-07 07:43:54.944] [exthost] [error] [ecmel.vscode-html-css] provider FAILED
[2022-08-07 07:43:54.944] [exthost] [error] undefined
[2022-08-07 07:43:57.481] [exthost] [error] [ecmel.vscode-html-css] provider FAILED
[2022-08-07 07:43:57.481] [exthost] [error] undefined
[2022-08-07 07:43:59.144] [exthost] [error] [ecmel.vscode-html-css] provider FAILED
[2022-08-07 07:43:59.144] [exthost] [error] undefined
[2022-08-07 07:44:02.880] [exthost] [error] [ecmel.vscode-html-css] provider FAILED
[2022-08-07 07:44:02.881] [exthost] [error] undefined
[2022-08-07 07:44:04.051] [exthost] [error] [ecmel.vscode-html-css] provider FAILED
[2022-08-07 07:44:04.052] [exthost] [error] undefined
[2022-08-07 07:44:12.699] [exthost] [error] [ecmel.vscode-html-css] provider FAILED
[2022-08-07 07:44:12.699] [exthost] [error] undefined
[2022-08-07 07:44:19.915] [exthost] [error] [ecmel.vscode-html-css] provider FAILED
[2022-08-07 07:44:19.915] [exthost] [error] undefined
[2022-08-07 07:45:06.930] [exthost] [error] [ecmel.vscode-html-css] provider FAILED
[2022-08-07 07:45:06.930] [exthost] [error] undefined
[2022-08-07 07:45:22.249] [exthost] [error] [ecmel.vscode-html-css] provider FAILED
[2022-08-07 07:45:22.249] [exthost] [error] undefined
[2022-08-07 07:46:06.089] [exthost] [error] [ecmel.vscode-html-css] provider FAILED
[2022-08-07 07:46:06.089] [exthost] [error] undefined
[2022-08-07 07:46:30.759] [exthost] [error] [ecmel.vscode-html-css] provider FAILED
[2022-08-07 07:46:30.760] [exthost] [error] undefined
[2022-08-07 07:47:41.864] [exthost] [error] [ecmel.vscode-html-css] provider FAILED
[2022-08-07 07:47:41.865] [exthost] [error] undefined
[2022-08-07 07:47:55.163] [exthost] [error] [ecmel.vscode-html-css] provider FAILED
[2022-08-07 07:47:55.163] [exthost] [error] undefined
[2022-08-07 07:50:58.870] [exthost] [error] [ecmel.vscode-html-css] provider FAILED
[2022-08-07 07:50:58.871] [exthost] [error] undefined
[2022-08-07 07:51:01.213] [exthost] [error] [ecmel.vscode-html-css] provider FAILED
[2022-08-07 07:51:01.213] [exthost] [error] undefined
[2022-08-07 07:51:01.875] [exthost] [error] [ecmel.vscode-html-css] provider FAILED
[2022-08-07 07:51:01.875] [exthost] [error] undefined
[2022-08-07 07:51:04.632] [exthost] [error] [ecmel.vscode-html-css] provider FAILED
[2022-08-07 07:51:04.632] [exthost] [error] undefined
[2022-08-07 07:51:19.410] [exthost] [error] [ecmel.vscode-html-css] provider FAILED
[2022-08-07 07:51:19.410] [exthost] [error] undefined
[2022-08-07 07:51:19.796] [exthost] [error] [ecmel.vscode-html-css] provider FAILED
[2022-08-07 07:51:19.796] [exthost] [error] undefined
[2022-08-07 07:51:21.308] [exthost] [error] [ecmel.vscode-html-css] provider FAILED
[2022-08-07 07:51:21.309] [exthost] [error] undefined
[2022-08-07 07:51:22.885] [exthost] [error] [ecmel.vscode-html-css] provider FAILED
[2022-08-07 07:51:22.886] [exthost] [error] undefined
[2022-08-07 07:51:26.303] [exthost] [error] [ecmel.vscode-html-css] provider FAILED
[2022-08-07 07:51:26.303] [exthost] [error] undefined
[2022-08-07 07:51:27.688] [exthost] [error] [ecmel.vscode-html-css] provider FAILED
[2022-08-07 07:51:27.688] [exthost] [error] undefined
[2022-08-07 07:51:28.551] [exthost] [error] [ecmel.vscode-html-css] provider FAILED
[2022-08-07 07:51:28.552] [exthost] [error] undefined
[2022-08-07 07:51:28.765] [exthost] [error] [ecmel.vscode-html-css] provider FAILED
[2022-08-07 07:51:28.765] [exthost] [error] undefined
[2022-08-07 07:51:29.704] [exthost] [error] [ecmel.vscode-html-css] provider FAILED
[2022-08-07 07:51:29.704] [exthost] [error] undefined
[2022-08-07 07:51:30.169] [exthost] [error] [ecmel.vscode-html-css] provider FAILED
[2022-08-07 07:51:30.169] [exthost] [error] undefined
[2022-08-07 07:51:38.902] [exthost] [error] [ecmel.vscode-html-css] provider FAILED
[2022-08-07 07:51:38.902] [exthost] [error] undefined
[2022-08-07 07:51:42.032] [exthost] [error] [ecmel.vscode-html-css] provider FAILED
[2022-08-07 07:51:42.032] [exthost] [error] undefined
[2022-08-07 07:51:43.354] [exthost] [error] [ecmel.vscode-html-css] provider FAILED
[2022-08-07 07:51:43.354] [exthost] [error] undefined
[2022-08-07 07:51:43.879] [exthost] [error] [ecmel.vscode-html-css] provider FAILED
[2022-08-07 07:51:43.879] [exthost] [error] undefined
[2022-08-07 07:51:52.949] [exthost] [error] [ecmel.vscode-html-css] provider FAILED
[2022-08-07 07:51:52.949] [exthost] [error] undefined
[2022-08-07 07:52:19.090] [exthost] [error] [ecmel.vscode-html-css] provider FAILED
[2022-08-07 07:52:19.090] [exthost] [error] undefined
[2022-08-07 07:52:19.689] [exthost] [error] [ecmel.vscode-html-css] provider FAILED
[2022-08-07 07:52:19.689] [exthost] [error] undefined
[2022-08-07 07:52:20.147] [exthost] [error] [ecmel.vscode-html-css] provider FAILED
[2022-08-07 07:52:20.147] [exthost] [error] undefined
[2022-08-07 07:52:20.967] [exthost] [error] [ecmel.vscode-html-css] provider FAILED
[2022-08-07 07:52:20.968] [exthost] [error] undefined
[2022-08-07 07:52:22.328] [exthost] [error] [ecmel.vscode-html-css] provider FAILED
[2022-08-07 07:52:22.328] [exthost] [error] undefined
[2022-08-07 07:52:22.906] [exthost] [error] [ecmel.vscode-html-css] provider FAILED
[2022-08-07 07:52:22.906] [exthost] [error] undefined
[2022-08-07 07:52:23.728] [exthost] [error] [ecmel.vscode-html-css] provider FAILED
[2022-08-07 07:52:23.728] [exthost] [error] undefined
[2022-08-07 07:52:24.166] [exthost] [error] [ecmel.vscode-html-css] provider FAILED
[2022-08-07 07:52:24.166] [exthost] [error] undefined
[2022-08-07 07:52:24.299] [exthost] [error] [ecmel.vscode-html-css] provider FAILED
[2022-08-07 07:52:24.299] [exthost] [error] undefined
[2022-08-07 07:52:26.642] [exthost] [error] [ecmel.vscode-html-css] provider FAILED
[2022-08-07 07:52:26.642] [exthost] [error] undefined
[2022-08-07 07:52:27.435] [exthost] [error] [ecmel.vscode-html-css] provider FAILED
[2022-08-07 07:52:27.435] [exthost] [error] undefined
[2022-08-07 07:52:28.107] [exthost] [error] [ecmel.vscode-html-css] provider FAILED
[2022-08-07 07:52:28.108] [exthost] [error] undefined
[2022-08-07 07:52:58.446] [exthost] [error] [ecmel.vscode-html-css] provider FAILED
[2022-08-07 07:52:58.447] [exthost] [error] undefined
[2022-08-07 07:54:59.669] [exthost] [error] [ecmel.vscode-html-css] provider FAILED
[2022-08-07 07:54:59.669] [exthost] [error] undefined
[2022-08-07 07:55:02.339] [exthost] [error] [ecmel.vscode-html-css] provider FAILED
[2022-08-07 07:55:02.339] [exthost] [error] undefined
[2022-08-07 07:55:03.437] [exthost] [error] [ecmel.vscode-html-css] provider FAILED
[2022-08-07 07:55:03.437] [exthost] [error] undefined
[2022-08-07 07:55:06.386] [exthost] [error] [ecmel.vscode-html-css] provider FAILED
[2022-08-07 07:55:06.386] [exthost] [error] undefined
[2022-08-07 07:55:07.920] [exthost] [error] [ecmel.vscode-html-css] provider FAILED
[2022-08-07 07:55:07.920] [exthost] [error] undefined
[2022-08-07 07:55:08.969] [exthost] [error] [ecmel.vscode-html-css] provider FAILED
[2022-08-07 07:55:08.969] [exthost] [error] undefined
[2022-08-07 07:55:09.827] [exthost] [error] [ecmel.vscode-html-css] provider FAILED
[2022-08-07 07:55:09.828] [exthost] [error] undefined
[2022-08-07 07:55:09.995] [exthost] [error] [ecmel.vscode-html-css] provider FAILED
[2022-08-07 07:55:09.995] [exthost] [error] undefined
[2022-08-07 07:55:10.265] [exthost] [error] [ecmel.vscode-html-css] provider FAILED
[2022-08-07 07:55:10.265] [exthost] [error] undefined
[2022-08-07 07:55:11.199] [exthost] [error] [ecmel.vscode-html-css] provider FAILED
[2022-08-07 07:55:11.199] [exthost] [error] undefined
[2022-08-07 07:57:05.284] [exthost] [error] [ecmel.vscode-html-css] provider FAILED
[2022-08-07 07:57:05.284] [exthost] [error] undefined
[2022-08-07 07:58:10.289] [exthost] [error] [ecmel.vscode-html-css] provider FAILED
[2022-08-07 07:58:10.289] [exthost] [error] undefined
[2022-08-07 07:58:11.003] [exthost] [error] [ecmel.vscode-html-css] provider FAILED
[2022-08-07 07:58:11.003] [exthost] [error] undefined
[2022-08-07 07:58:11.580] [exthost] [error] [ecmel.vscode-html-css] provider FAILED
[2022-08-07 07:58:11.580] [exthost] [error] undefined
[2022-08-07 07:58:12.178] [exthost] [error] [ecmel.vscode-html-css] provider FAILED
[2022-08-07 07:58:12.178] [exthost] [error] undefined
[2022-08-07 07:58:13.165] [exthost] [error] [ecmel.vscode-html-css] provider FAILED
[2022-08-07 07:58:13.166] [exthost] [error] undefined
[2022-08-07 07:58:13.709] [exthost] [error] [ecmel.vscode-html-css] provider FAILED
[2022-08-07 07:58:13.709] [exthost] [error] undefined
[2022-08-07 07:58:14.979] [exthost] [error] [ecmel.vscode-html-css] provider FAILED
[2022-08-07 07:58:14.979] [exthost] [error] undefined
[2022-08-07 07:58:19.877] [exthost] [error] [ecmel.vscode-html-css] provider FAILED
[2022-08-07 07:58:19.877] [exthost] [error] undefined
[2022-08-07 07:58:20.447] [exthost] [error] [ecmel.vscode-html-css] provider FAILED
[2022-08-07 07:58:20.447] [exthost] [error] undefined
[2022-08-07 07:58:20.535] [exthost] [error] [ecmel.vscode-html-css] provider FAILED
[2022-08-07 07:58:20.536] [exthost] [error] undefined
[2022-08-07 07:58:20.947] [exthost] [error] [ecmel.vscode-html-css] provider FAILED
[2022-08-07 07:58:20.947] [exthost] [error] undefined
[2022-08-07 07:58:21.345] [exthost] [error] [ecmel.vscode-html-css] provider FAILED
[2022-08-07 07:58:21.345] [exthost] [error] undefined
[2022-08-07 07:58:32.904] [exthost] [error] [ecmel.vscode-html-css] provider FAILED
[2022-08-07 07:58:32.904] [exthost] [error] undefined
[2022-08-07 08:04:24.458] [exthost] [error] [ecmel.vscode-html-css] provider FAILED
[2022-08-07 08:04:24.459] [exthost] [error] undefined
[2022-08-07 08:11:08.583] [exthost] [error] [ecmel.vscode-html-css] provider FAILED
[2022-08-07 08:11:08.583] [exthost] [error] undefined
[2022-08-07 08:12:19.863] [exthost] [error] [ecmel.vscode-html-css] provider FAILED
[2022-08-07 08:12:19.863] [exthost] [error] undefined
[2022-08-07 08:12:22.200] [exthost] [error] [ecmel.vscode-html-css] provider FAILED
[2022-08-07 08:12:22.200] [exthost] [error] undefined
[2022-08-07 08:12:23.125] [exthost] [error] [ecmel.vscode-html-css] provider FAILED
[2022-08-07 08:12:23.125] [exthost] [error] undefined
[2022-08-07 08:12:24.155] [exthost] [error] [ecmel.vscode-html-css] provider FAILED
[2022-08-07 08:12:24.155] [exthost] [error] undefined
[2022-08-07 08:12:25.041] [exthost] [error] [ecmel.vscode-html-css] provider FAILED
[2022-08-07 08:12:25.041] [exthost] [error] undefined
[2022-08-07 08:12:37.632] [exthost] [error] [ecmel.vscode-html-css] provider FAILED
[2022-08-07 08:12:37.632] [exthost] [error] undefined
[2022-08-07 08:12:38.902] [exthost] [error] [ecmel.vscode-html-css] provider FAILED
[2022-08-07 08:12:38.902] [exthost] [error] undefined
[2022-08-07 08:12:43.946] [exthost] [error] [ecmel.vscode-html-css] provider FAILED
[2022-08-07 08:12:43.946] [exthost] [error] undefined
[2022-08-07 08:12:46.307] [exthost] [error] [ecmel.vscode-html-css] provider FAILED
[2022-08-07 08:12:46.307] [exthost] [error] undefined
[2022-08-07 08:12:47.616] [exthost] [error] [ecmel.vscode-html-css] provider FAILED
[2022-08-07 08:12:47.616] [exthost] [error] undefined
[2022-08-07 08:12:48.652] [exthost] [error] [ecmel.vscode-html-css] provider FAILED
[2022-08-07 08:12:48.652] [exthost] [error] undefined
[2022-08-07 08:12:50.290] [exthost] [error] [ecmel.vscode-html-css] provider FAILED
[2022-08-07 08:12:50.290] [exthost] [error] undefined
[2022-08-07 08:13:00.522] [exthost] [error] [ecmel.vscode-html-css] provider FAILED
[2022-08-07 08:13:00.522] [exthost] [error] undefined
[2022-08-07 08:13:06.685] [exthost] [error] [ecmel.vscode-html-css] provider FAILED
[2022-08-07 08:13:06.685] [exthost] [error] undefined
[2022-08-07 08:13:42.323] [exthost] [error] [ecmel.vscode-html-css] provider FAILED
[2022-08-07 08:13:42.323] [exthost] [error] undefined
[2022-08-07 08:14:00.304] [exthost] [error] [ecmel.vscode-html-css] provider FAILED
[2022-08-07 08:14:00.304] [exthost] [error] undefined
[2022-08-07 08:14:25.040] [exthost] [error] [ecmel.vscode-html-css] provider FAILED
[2022-08-07 08:14:25.040] [exthost] [error] undefined
[2022-08-07 08:14:29.432] [exthost] [error] [ecmel.vscode-html-css] provider FAILED
[2022-08-07 08:14:29.432] [exthost] [error] undefined
[2022-08-07 08:14:34.689] [exthost] [error] [ecmel.vscode-html-css] provider FAILED
[2022-08-07 08:14:34.689] [exthost] [error] undefined
[2022-08-07 08:14:35.453] [exthost] [error] [ecmel.vscode-html-css] provider FAILED
[2022-08-07 08:14:35.454] [exthost] [error] undefined
[2022-08-07 08:14:35.820] [exthost] [error] [ecmel.vscode-html-css] provider FAILED
[2022-08-07 08:14:35.820] [exthost] [error] undefined
[2022-08-07 08:54:38.980] [exthost] [info] Extension host terminating: received terminate message from renderer
[2022-08-07 08:54:39.348] [exthost] [error] TypeError: r.some is not a function
    at Function.saveToDisk (/home/h4ck4u/.vscode/extensions/vscodevim.vim-1.23.2/src/register/register.ts:326:30)
    at Object.e.deactivate (/home/h4ck4u/.vscode/extensions/vscodevim.vim-1.23.2/extension.ts:65:18)
    at w._deactivate (/opt/visual-studio-code/resources/app/out/vs/workbench/api/node/extensionHostProcess.js:97:13087)
    at /opt/visual-studio-code/resources/app/out/vs/workbench/api/node/extensionHostProcess.js:97:10645
    at Array.map (<anonymous>)
    at w._deactivateAll (/opt/visual-studio-code/resources/app/out/vs/workbench/api/node/extensionHostProcess.js:97:10632)
    at w.terminate (/opt/visual-studio-code/resources/app/out/vs/workbench/api/node/extensionHostProcess.js:97:11014)
    at w.terminate (/opt/visual-studio-code/resources/app/out/vs/workbench/api/node/extensionHostProcess.js:101:620)
    at m (/opt/visual-studio-code/resources/app/out/vs/workbench/api/node/extensionHostProcess.js:111:36671)
    at /opt/visual-studio-code/resources/app/out/vs/workbench/api/node/extensionHostProcess.js:111:34616
    at w.invoke (/opt/visual-studio-code/resources/app/out/vs/workbench/api/node/extensionHostProcess.js:61:145)
    at v.deliver (/opt/visual-studio-code/resources/app/out/vs/workbench/api/node/extensionHostProcess.js:61:2266)
    at p.fire (/opt/visual-studio-code/resources/app/out/vs/workbench/api/node/extensionHostProcess.js:61:1844)
    at a.fire (/opt/visual-studio-code/resources/app/out/vs/workbench/api/node/extensionHostProcess.js:69:18976)
    at r._receiveMessage (/opt/visual-studio-code/resources/app/out/vs/workbench/api/node/extensionHostProcess.js:69:23563)
    at /opt/visual-studio-code/resources/app/out/vs/workbench/api/node/extensionHostProcess.js:69:21097
    at w.invoke (/opt/visual-studio-code/resources/app/out/vs/workbench/api/node/extensionHostProcess.js:61:145)
    at v.deliver (/opt/visual-studio-code/resources/app/out/vs/workbench/api/node/extensionHostProcess.js:61:2266)
    at p.fire (/opt/visual-studio-code/resources/app/out/vs/workbench/api/node/extensionHostProcess.js:61:1844)
    at p.acceptChunk (/opt/visual-studio-code/resources/app/out/vs/workbench/api/node/extensionHostProcess.js:69:15807)
    at /opt/visual-studio-code/resources/app/out/vs/workbench/api/node/extensionHostProcess.js:69:14937
    at Socket.R (/opt/visual-studio-code/resources/app/out/vs/workbench/api/node/extensionHostProcess.js:111:13763)
    at Socket.emit (node:events:390:28)
    at addChunk (node:internal/streams/readable:315:12)
    at readableAddChunk (node:internal/streams/readable:289:9)
    at Socket.Readable.push (node:internal/streams/readable:228:10)
    at Pipe.onStreamRead (node:internal/stream_base_commons:199:23)
[2022-08-07 08:54:39.351] [exthost] [info] Extension host with pid 4838 exiting with code 0
[2022-08-07 08:54:40.877] [exthost] [info] Extension host with pid 13057 started
[2022-08-07 08:54:40.877] [exthost] [info] Skipping acquiring lock for /home/h4ck4u/.config/Code/User/workspaceStorage/f451bddd3afc5bab6a8fa1d994d93fca.
[2022-08-07 08:54:40.981] [exthost] [info] ExtensionService#_doActivateExtension vscode.microsoft-authentication, startup: false, activationEvent: 'onAuthenticationRequest:microsoft'
[2022-08-07 08:54:40.998] [exthost] [info] ExtensionService#_doActivateExtension vscode.debug-auto-launch, startup: true, activationEvent: '*'
[2022-08-07 08:54:41.000] [exthost] [info] ExtensionService#_doActivateExtension vscode.git-base, startup: true, activationEvent: '*', root cause: vscode.git
[2022-08-07 08:54:41.003] [exthost] [info] ExtensionService#_doActivateExtension vscode.ipynb, startup: true, activationEvent: '*'
[2022-08-07 08:54:41.006] [exthost] [info] ExtensionService#_doActivateExtension dlasagno.wal-theme, startup: true, activationEvent: '*'
[2022-08-07 08:54:41.037] [exthost] [info] ExtensionService#_doActivateExtension ecmel.vscode-html-css, startup: true, activationEvent: '*'
[2022-08-07 08:54:41.058] [exthost] [info] ExtensionService#_doActivateExtension vscodevim.vim, startup: true, activationEvent: '*'
[2022-08-07 08:54:41.113] [exthost] [info] ExtensionService#_doActivateExtension Zignd.html-css-class-completion, startup: true, activationEvent: '*'
[2022-08-07 08:54:41.250] [exthost] [info] ExtensionService#_doActivateExtension vscode.git, startup: true, activationEvent: '*'
[2022-08-07 08:54:41.270] [exthost] [info] ExtensionService#_doActivateExtension vscode.github, startup: true, activationEvent: '*'
[2022-08-07 08:54:41.440] [exthost] [info] ExtensionService#_doActivateExtension vscode.github-authentication, startup: false, activationEvent: 'onAuthenticationRequest:github'
[2022-08-07 08:54:41.486] [exthost] [info] Eager extensions activated
[2022-08-07 08:54:41.488] [exthost] [info] ExtensionService#_doActivateExtension vscode.emmet, startup: false, activationEvent: 'onStartupFinished'
[2022-08-07 08:54:41.493] [exthost] [info] ExtensionService#_doActivateExtension vscode.merge-conflict, startup: false, activationEvent: 'onStartupFinished'
[2022-08-07 08:54:42.868] [exthost] [info] ExtensionService#_doActivateExtension vscode.image-preview, startup: false, activationEvent: 'onCustomEditor:imagePreview.previewEditor'
[2022-08-07 08:54:45.403] [exthost] [info] ExtensionService#_doActivateExtension vscode.html-language-features, startup: false, activationEvent: 'onLanguage:html'
[2022-08-07 08:55:21.168] [exthost] [error] [ecmel.vscode-html-css] provider FAILED
[2022-08-07 08:55:21.169] [exthost] [error] undefined
[2022-08-07 09:13:41.473] [exthost] [error] [ecmel.vscode-html-css] provider FAILED
[2022-08-07 09:13:41.473] [exthost] [error] undefined
[2022-08-07 09:18:00.285] [exthost] [error] [ecmel.vscode-html-css] provider FAILED
[2022-08-07 09:18:00.285] [exthost] [error] undefined
[2022-08-07 09:18:46.155] [exthost] [error] [ecmel.vscode-html-css] provider FAILED
[2022-08-07 09:18:46.155] [exthost] [error] undefined
[2022-08-07 09:23:26.314] [exthost] [error] [ecmel.vscode-html-css] provider FAILED
[2022-08-07 09:23:26.314] [exthost] [error] undefined
[2022-08-07 09:23:40.230] [exthost] [error] [ecmel.vscode-html-css] provider FAILED
[2022-08-07 09:23:40.230] [exthost] [error] undefined
[2022-08-07 09:23:41.012] [exthost] [error] [ecmel.vscode-html-css] provider FAILED
[2022-08-07 09:23:41.012] [exthost] [error] undefined
[2022-08-07 09:23:41.627] [exthost] [error] [ecmel.vscode-html-css] provider FAILED
[2022-08-07 09:23:41.627] [exthost] [error] undefined
[2022-08-07 09:23:42.224] [exthost] [error] [ecmel.vscode-html-css] provider FAILED
[2022-08-07 09:23:42.224] [exthost] [error] undefined
[2022-08-07 09:23:42.810] [exthost] [error] [ecmel.vscode-html-css] provider FAILED
[2022-08-07 09:23:42.810] [exthost] [error] undefined
[2022-08-07 09:23:43.186] [exthost] [error] [ecmel.vscode-html-css] provider FAILED
[2022-08-07 09:23:43.186] [exthost] [error] undefined
[2022-08-07 09:23:43.406] [exthost] [error] [ecmel.vscode-html-css] provider FAILED
[2022-08-07 09:23:43.406] [exthost] [error] undefined
[2022-08-07 09:23:43.635] [exthost] [error] [ecmel.vscode-html-css] provider FAILED
[2022-08-07 09:23:43.635] [exthost] [error] undefined
[2022-08-07 09:23:45.543] [exthost] [error] [ecmel.vscode-html-css] provider FAILED
[2022-08-07 09:23:45.543] [exthost] [error] undefined
[2022-08-07 09:23:45.837] [exthost] [error] [ecmel.vscode-html-css] provider FAILED
[2022-08-07 09:23:45.837] [exthost] [error] undefined
[2022-08-07 09:23:46.066] [exthost] [error] [ecmel.vscode-html-css] provider FAILED
[2022-08-07 09:23:46.066] [exthost] [error] undefined
[2022-08-07 09:23:46.240] [exthost] [error] [ecmel.vscode-html-css] provider FAILED
[2022-08-07 09:23:46.240] [exthost] [error] undefined
[2022-08-07 09:23:50.122] [exthost] [error] [ecmel.vscode-html-css] provider FAILED
[2022-08-07 09:23:50.122] [exthost] [error] undefined
[2022-08-07 09:24:00.422] [exthost] [error] [ecmel.vscode-html-css] provider FAILED
[2022-08-07 09:24:00.422] [exthost] [error] undefined
[2022-08-07 09:24:11.424] [exthost] [error] [ecmel.vscode-html-css] provider FAILED
[2022-08-07 09:24:11.424] [exthost] [error] undefined
[2022-08-07 09:24:16.405] [exthost] [error] [ecmel.vscode-html-css] provider FAILED
[2022-08-07 09:24:16.406] [exthost] [error] undefined
[2022-08-07 09:24:21.402] [exthost] [error] [ecmel.vscode-html-css] provider FAILED
[2022-08-07 09:24:21.403] [exthost] [error] undefined
[2022-08-07 09:24:27.305] [exthost] [error] [ecmel.vscode-html-css] provider FAILED
[2022-08-07 09:24:27.305] [exthost] [error] undefined
[2022-08-07 09:24:32.466] [exthost] [error] [ecmel.vscode-html-css] provider FAILED
[2022-08-07 09:24:32.466] [exthost] [error] undefined
[2022-08-07 09:24:35.586] [exthost] [error] [ecmel.vscode-html-css] provider FAILED
[2022-08-07 09:24:35.586] [exthost] [error] undefined
[2022-08-07 09:24:39.713] [exthost] [error] [ecmel.vscode-html-css] provider FAILED
[2022-08-07 09:24:39.713] [exthost] [error] undefined
[2022-08-07 09:24:41.162] [exthost] [error] [ecmel.vscode-html-css] provider FAILED
[2022-08-07 09:24:41.163] [exthost] [error] undefined
[2022-08-07 09:24:42.174] [exthost] [error] [ecmel.vscode-html-css] provider FAILED
[2022-08-07 09:24:42.174] [exthost] [error] undefined
[2022-08-07 09:24:42.668] [exthost] [error] [ecmel.vscode-html-css] provider FAILED
[2022-08-07 09:24:42.668] [exthost] [error] undefined
[2022-08-07 09:24:42.901] [exthost] [error] [ecmel.vscode-html-css] provider FAILED
[2022-08-07 09:24:42.901] [exthost] [error] undefined
[2022-08-07 09:24:43.087] [exthost] [error] [ecmel.vscode-html-css] provider FAILED
[2022-08-07 09:24:43.087] [exthost] [error] undefined
[2022-08-07 09:24:46.324] [exthost] [error] [ecmel.vscode-html-css] provider FAILED
[2022-08-07 09:24:46.324] [exthost] [error] undefined
[2022-08-07 09:24:47.201] [exthost] [error] [ecmel.vscode-html-css] provider FAILED
[2022-08-07 09:24:47.201] [exthost] [error] undefined
[2022-08-07 09:24:47.575] [exthost] [error] [ecmel.vscode-html-css] provider FAILED
[2022-08-07 09:24:47.575] [exthost] [error] undefined
[2022-08-07 09:24:47.815] [exthost] [error] [ecmel.vscode-html-css] provider FAILED
[2022-08-07 09:24:47.815] [exthost] [error] undefined
[2022-08-07 09:24:55.265] [exthost] [error] [ecmel.vscode-html-css] provider FAILED
[2022-08-07 09:24:55.265] [exthost] [error] undefined
[2022-08-07 09:24:55.950] [exthost] [error] [ecmel.vscode-html-css] provider FAILED
[2022-08-07 09:24:55.950] [exthost] [error] undefined
[2022-08-07 09:24:56.221] [exthost] [error] [ecmel.vscode-html-css] provider FAILED
[2022-08-07 09:24:56.221] [exthost] [error] undefined
[2022-08-07 09:25:22.310] [exthost] [error] [ecmel.vscode-html-css] provider FAILED
[2022-08-07 09:25:22.310] [exthost] [error] undefined
[2022-08-07 09:25:22.523] [exthost] [error] [ecmel.vscode-html-css] provider FAILED
[2022-08-07 09:25:22.523] [exthost] [error] undefined
[2022-08-07 09:25:22.911] [exthost] [error] [ecmel.vscode-html-css] provider FAILED
[2022-08-07 09:25:22.911] [exthost] [error] undefined
[2022-08-07 09:25:23.292] [exthost] [error] [ecmel.vscode-html-css] provider FAILED
[2022-08-07 09:25:23.292] [exthost] [error] undefined
[2022-08-07 09:25:23.522] [exthost] [error] [ecmel.vscode-html-css] provider FAILED
[2022-08-07 09:25:23.522] [exthost] [error] undefined
[2022-08-07 09:25:23.771] [exthost] [error] [ecmel.vscode-html-css] provider FAILED
[2022-08-07 09:25:23.772] [exthost] [error] undefined
[2022-08-07 09:25:24.005] [exthost] [error] [ecmel.vscode-html-css] provider FAILED
[2022-08-07 09:25:24.005] [exthost] [error] undefined
[2022-08-07 09:25:26.979] [exthost] [error] [ecmel.vscode-html-css] provider FAILED
[2022-08-07 09:25:26.979] [exthost] [error] undefined
[2022-08-07 09:25:29.647] [exthost] [error] [ecmel.vscode-html-css] provider FAILED
[2022-08-07 09:25:29.647] [exthost] [error] undefined
[2022-08-07 09:25:30.183] [exthost] [error] [ecmel.vscode-html-css] provider FAILED
[2022-08-07 09:25:30.183] [exthost] [error] undefined
[2022-08-07 09:25:30.988] [exthost] [error] [ecmel.vscode-html-css] provider FAILED
[2022-08-07 09:25:30.989] [exthost] [error] undefined
[2022-08-07 09:25:31.827] [exthost] [error] [ecmel.vscode-html-css] provider FAILED
[2022-08-07 09:25:31.827] [exthost] [error] undefined
[2022-08-07 09:25:32.637] [exthost] [error] [ecmel.vscode-html-css] provider FAILED
[2022-08-07 09:25:32.638] [exthost] [error] undefined
[2022-08-07 09:25:33.151] [exthost] [error] [ecmel.vscode-html-css] provider FAILED
[2022-08-07 09:25:33.151] [exthost] [error] undefined
[2022-08-07 09:25:35.457] [exthost] [error] [ecmel.vscode-html-css] provider FAILED
[2022-08-07 09:25:35.457] [exthost] [error] undefined
[2022-08-07 09:25:35.796] [exthost] [error] [ecmel.vscode-html-css] provider FAILED
[2022-08-07 09:25:35.796] [exthost] [error] undefined
[2022-08-07 09:25:36.166] [exthost] [error] [ecmel.vscode-html-css] provider FAILED
[2022-08-07 09:25:36.166] [exthost] [error] undefined
[2022-08-07 09:25:38.169] [exthost] [error] [ecmel.vscode-html-css] provider FAILED
[2022-08-07 09:25:38.169] [exthost] [error] undefined
[2022-08-07 09:25:38.415] [exthost] [error] [ecmel.vscode-html-css] provider FAILED
[2022-08-07 09:25:38.415] [exthost] [error] undefined
[2022-08-07 09:25:38.801] [exthost] [error] [ecmel.vscode-html-css] provider FAILED
[2022-08-07 09:25:38.802] [exthost] [error] undefined
[2022-08-07 09:27:19.612] [exthost] [error] [ecmel.vscode-html-css] provider FAILED
[2022-08-07 09:27:19.612] [exthost] [error] undefined
[2022-08-07 09:27:21.680] [exthost] [error] [ecmel.vscode-html-css] provider FAILED
[2022-08-07 09:27:21.680] [exthost] [error] undefined
[2022-08-07 09:27:22.645] [exthost] [error] [ecmel.vscode-html-css] provider FAILED
[2022-08-07 09:27:22.645] [exthost] [error] undefined
[2022-08-07 09:27:23.189] [exthost] [error] [ecmel.vscode-html-css] provider FAILED
[2022-08-07 09:27:23.189] [exthost] [error] undefined
[2022-08-07 09:27:55.055] [exthost] [error] [ecmel.vscode-html-css] provider FAILED
[2022-08-07 09:27:55.055] [exthost] [error] undefined
[2022-08-07 09:27:55.997] [exthost] [error] [ecmel.vscode-html-css] provider FAILED
[2022-08-07 09:27:55.997] [exthost] [error] undefined
[2022-08-07 09:28:30.188] [exthost] [error] [ecmel.vscode-html-css] provider FAILED
[2022-08-07 09:28:30.189] [exthost] [error] undefined
[2022-08-07 09:28:33.811] [exthost] [error] [ecmel.vscode-html-css] provider FAILED
[2022-08-07 09:28:33.811] [exthost] [error] undefined
[2022-08-07 09:28:36.675] [exthost] [error] [ecmel.vscode-html-css] provider FAILED
[2022-08-07 09:28:36.676] [exthost] [error] undefined
[2022-08-07 09:28:40.539] [exthost] [error] [ecmel.vscode-html-css] provider FAILED
[2022-08-07 09:28:40.539] [exthost] [error] undefined
[2022-08-07 09:28:43.089] [exthost] [error] [ecmel.vscode-html-css] provider FAILED
[2022-08-07 09:28:43.090] [exthost] [error] undefined
[2022-08-07 09:28:45.439] [exthost] [error] [ecmel.vscode-html-css] provider FAILED
[2022-08-07 09:28:45.439] [exthost] [error] undefined
[2022-08-07 09:28:45.568] [exthost] [error] [ecmel.vscode-html-css] provider FAILED
[2022-08-07 09:28:45.568] [exthost] [error] undefined
[2022-08-07 09:28:48.839] [exthost] [error] [ecmel.vscode-html-css] provider FAILED
[2022-08-07 09:28:48.840] [exthost] [error] undefined
[2022-08-07 09:28:54.535] [exthost] [error] [ecmel.vscode-html-css] provider FAILED
[2022-08-07 09:28:54.535] [exthost] [error] undefined
[2022-08-07 09:28:55.102] [exthost] [error] [ecmel.vscode-html-css] provider FAILED
[2022-08-07 09:28:55.103] [exthost] [error] undefined
[2022-08-07 09:28:55.238] [exthost] [error] [ecmel.vscode-html-css] provider FAILED
[2022-08-07 09:28:55.238] [exthost] [error] undefined
[2022-08-07 09:28:55.566] [exthost] [error] [ecmel.vscode-html-css] provider FAILED
[2022-08-07 09:28:55.566] [exthost] [error] undefined
[2022-08-07 09:29:07.491] [exthost] [error] [ecmel.vscode-html-css] provider FAILED
[2022-08-07 09:29:07.491] [exthost] [error] undefined
[2022-08-07 09:29:10.162] [exthost] [error] [ecmel.vscode-html-css] provider FAILED
[2022-08-07 09:29:10.162] [exthost] [error] undefined
[2022-08-07 09:29:10.576] [exthost] [error] [ecmel.vscode-html-css] provider FAILED
[2022-08-07 09:29:10.576] [exthost] [error] undefined
[2022-08-07 09:29:11.035] [exthost] [error] [ecmel.vscode-html-css] provider FAILED
[2022-08-07 09:29:11.035] [exthost] [error] undefined
[2022-08-07 09:29:12.713] [exthost] [error] [ecmel.vscode-html-css] provider FAILED
[2022-08-07 09:29:12.714] [exthost] [error] undefined
[2022-08-07 09:29:13.985] [exthost] [error] [ecmel.vscode-html-css] provider FAILED
[2022-08-07 09:29:13.985] [exthost] [error] undefined
[2022-08-07 09:29:14.323] [exthost] [error] [ecmel.vscode-html-css] provider FAILED
[2022-08-07 09:29:14.323] [exthost] [error] undefined
[2022-08-07 09:29:14.670] [exthost] [error] [ecmel.vscode-html-css] provider FAILED
[2022-08-07 09:29:14.670] [exthost] [error] undefined
[2022-08-07 09:30:07.590] [exthost] [error] [ecmel.vscode-html-css] provider FAILED
[2022-08-07 09:30:07.590] [exthost] [error] undefined
[2022-08-07 09:30:09.225] [exthost] [error] [ecmel.vscode-html-css] provider FAILED
[2022-08-07 09:30:09.225] [exthost] [error] undefined
[2022-08-07 09:33:22.858] [exthost] [error] [ecmel.vscode-html-css] provider FAILED
[2022-08-07 09:33:22.858] [exthost] [error] undefined
[2022-08-07 09:33:36.268] [exthost] [error] [ecmel.vscode-html-css] provider FAILED
[2022-08-07 09:33:36.269] [exthost] [error] undefined
[2022-08-07 09:33:47.164] [exthost] [error] [ecmel.vscode-html-css] provider FAILED
[2022-08-07 09:33:47.164] [exthost] [error] undefined
[2022-08-07 09:33:49.603] [exthost] [info] Extension host terminating: received terminate message from renderer
[2022-08-07 09:33:50.012] [exthost] [error] TypeError: Converting circular structure to JSON
    --> starting at object with constructor 't'
    |     property '_readableState' -> object with constructor 'M'
    |     property 'pipes' -> object with constructor 'Array'
    |     index 0 -> object with constructor 't.ConsoleForElectron'
    --- property 'parent' closes the circle
    at JSON.stringify (<anonymous>)
    at /home/h4ck4u/.vscode/extensions/vscodevim.vim-1.23.2/src/register/register.ts:333:16
    at process.async (node:internal/process/task_queues:96:5)
    at Object.e.deactivate (/home/h4ck4u/.vscode/extensions/vscodevim.vim-1.23.2/extension.ts:64:8)
    at async Promise.all (index 13)
    at w._deactivateAll (/opt/visual-studio-code/resources/app/out/vs/workbench/api/node/extensionHostProcess.js:97:10669)
[2022-08-07 09:33:50.015] [exthost] [info] Extension host with pid 13057 exiting with code 0
