[Info  - 21:00:54.865] Reading sessions from keychain...
[Info  - 21:00:54.886] Getting sessions for user:email...
[Info  - 21:00:54.886] Getting sessions for all scopes...
[Info  - 21:00:54.926] Got 0 sessions for user:email...
[Info  - 21:00:54.926] Got 0 sessions for ...
[Info  - 21:02:09.53] Getting sessions for user:email...
[Info  - 21:02:09.54] Got 0 sessions for user:email...
[Info  - 21:02:13.30] Logging in for the following scopes: user:email
[Info  - 21:02:13.38] Trying without local server... (user:email)
[Trace  - 21:03:08.534] Handling Uri...
[Info  - 21:03:08.537] Exchanging code for token...
[Info  - 21:03:10.232] Token exchange success!
[Info  - 21:03:10.234] Getting user info...
[Info  - 21:03:10.715] Got account info!
[Info  - 21:03:10.716] Storing 1 sessions...
[Error  - 21:03:10.755] Setting token failed: Error: GDBus.Error:org.freedesktop.DBus.Error.ServiceUnknown: The name org.freedesktop.secrets was not provided by any .service files
[Info  - 21:03:10.756] Stored 1 sessions!
[Info  - 21:03:10.756] Login success!
[Info  - 21:03:10.762] Getting sessions for user:email...
[Info  - 21:03:10.763] Getting sessions for user:email...
[Info  - 21:03:10.763] Got 1 sessions for user:email...
[Info  - 21:03:10.763] Got 1 sessions for user:email...
