[2022-08-05 15:58:47.779] [exthost] [info] Extension host with pid 4016 started
[2022-08-05 15:58:47.830] [exthost] [info] ExtensionService#_doActivateExtension vscode.typescript-language-features, startup: false, activationEvent: 'onLanguage:javascript'
[2022-08-05 15:58:47.839] [exthost] [info] ExtensionService#_doActivateExtension vscode.microsoft-authentication, startup: false, activationEvent: 'onAuthenticationRequest:microsoft'
[2022-08-05 15:58:47.852] [exthost] [info] ExtensionService#_doActivateExtension vscode.debug-auto-launch, startup: true, activationEvent: '*'
[2022-08-05 15:58:47.855] [exthost] [info] ExtensionService#_doActivateExtension vscode.git-base, startup: true, activationEvent: '*', root cause: vscode.git
[2022-08-05 15:58:47.858] [exthost] [info] ExtensionService#_doActivateExtension vscode.ipynb, startup: true, activationEvent: '*'
[2022-08-05 15:58:47.861] [exthost] [info] ExtensionService#_doActivateExtension dlasagno.wal-theme, startup: true, activationEvent: '*'
[2022-08-05 15:58:47.903] [exthost] [info] ExtensionService#_doActivateExtension ecmel.vscode-html-css, startup: true, activationEvent: '*'
[2022-08-05 15:58:47.922] [exthost] [info] ExtensionService#_doActivateExtension vscodevim.vim, startup: true, activationEvent: '*'
[2022-08-05 15:58:48.139] [exthost] [info] ExtensionService#_doActivateExtension vscode.git, startup: true, activationEvent: '*'
[2022-08-05 15:58:48.160] [exthost] [info] ExtensionService#_doActivateExtension vscode.github, startup: true, activationEvent: '*'
[2022-08-05 15:58:48.252] [exthost] [info] Eager extensions activated
[2022-08-05 15:58:48.422] [exthost] [info] ExtensionService#_doActivateExtension vscode.emmet, startup: false, activationEvent: 'onStartupFinished'
[2022-08-05 15:58:48.430] [exthost] [info] ExtensionService#_doActivateExtension vscode.merge-conflict, startup: false, activationEvent: 'onStartupFinished'
[2022-08-05 15:58:48.456] [exthost] [info] ExtensionService#_doActivateExtension vscode.github-authentication, startup: false, activationEvent: 'onAuthenticationRequest:github'
[2022-08-05 15:59:01.475] [exthost] [info] Extension host terminating: received terminate message from renderer
[2022-08-05 15:59:01.529] [exthost] [error] ProxyResolver#resolveProxy DIRECT Canceled: Canceled
    at new y (/opt/visual-studio-code/resources/app/out/vs/workbench/api/node/extensionHostProcess.js:85:41560)
    at s._remoteCall (/opt/visual-studio-code/resources/app/out/vs/workbench/api/node/extensionHostProcess.js:95:13765)
    at Proxy.k.<computed>.U.charCodeAt.k.<computed> (/opt/visual-studio-code/resources/app/out/vs/workbench/api/node/extensionHostProcess.js:95:10308)
    at E.resolveProxy (/opt/visual-studio-code/resources/app/out/vs/workbench/api/node/extensionHostProcess.js:96:21063)
    at Object.resolveProxy (/opt/visual-studio-code/resources/app/out/vs/workbench/api/node/extensionHostProcess.js:106:59651)
    at useProxySettings (/opt/visual-studio-code/resources/app/node_modules.asar/vscode-proxy-agent/out/index.js:159:16)
    at /opt/visual-studio-code/resources/app/node_modules.asar/vscode-proxy-agent/out/index.js:107:13
    at /opt/visual-studio-code/resources/app/node_modules.asar/vscode-proxy-agent/out/index.js:336:13
    at processTicksAndRejections (node:internal/process/task_queues:96:5) 
[2022-08-05 15:59:01.548] [exthost] [info] Extension host with pid 4016 exiting with code 0
[2022-08-05 15:59:03.228] [exthost] [info] Extension host with pid 4198 started
[2022-08-05 15:59:03.228] [exthost] [info] Skipping acquiring lock for /home/h4ck4u/.config/Code/User/workspaceStorage/9f14b0f66159f7937cf13daa2b504799.
[2022-08-05 15:59:03.306] [exthost] [info] ExtensionService#_doActivateExtension vscode.html-language-features, startup: false, activationEvent: 'onLanguage:html'
[2022-08-05 15:59:03.323] [exthost] [info] ExtensionService#_doActivateExtension vscode.microsoft-authentication, startup: false, activationEvent: 'onAuthenticationRequest:microsoft'
[2022-08-05 15:59:03.336] [exthost] [info] ExtensionService#_doActivateExtension vscode.debug-auto-launch, startup: true, activationEvent: '*'
[2022-08-05 15:59:03.338] [exthost] [info] ExtensionService#_doActivateExtension vscode.git-base, startup: true, activationEvent: '*', root cause: vscode.git
[2022-08-05 15:59:03.340] [exthost] [info] ExtensionService#_doActivateExtension vscode.ipynb, startup: true, activationEvent: '*'
[2022-08-05 15:59:03.343] [exthost] [info] ExtensionService#_doActivateExtension dlasagno.wal-theme, startup: true, activationEvent: '*'
[2022-08-05 15:59:03.363] [exthost] [info] ExtensionService#_doActivateExtension ecmel.vscode-html-css, startup: true, activationEvent: '*'
[2022-08-05 15:59:03.380] [exthost] [info] ExtensionService#_doActivateExtension vscodevim.vim, startup: true, activationEvent: '*'
[2022-08-05 15:59:03.507] [exthost] [info] ExtensionService#_doActivateExtension vscode.git, startup: true, activationEvent: '*'
[2022-08-05 15:59:03.524] [exthost] [info] ExtensionService#_doActivateExtension vscode.github, startup: true, activationEvent: '*'
[2022-08-05 15:59:03.602] [exthost] [info] Eager extensions activated
[2022-08-05 15:59:03.616] [exthost] [info] ExtensionService#_doActivateExtension vscode.emmet, startup: false, activationEvent: 'onStartupFinished'
[2022-08-05 15:59:03.621] [exthost] [info] ExtensionService#_doActivateExtension vscode.merge-conflict, startup: false, activationEvent: 'onStartupFinished'
[2022-08-05 15:59:03.625] [exthost] [info] ExtensionService#_doActivateExtension vscode.github-authentication, startup: false, activationEvent: 'onAuthenticationRequest:github'
[2022-08-05 16:01:36.189] [exthost] [info] ExtensionService#_doActivateExtension vscode.css-language-features, startup: false, activationEvent: 'onLanguage:css'
[2022-08-05 16:08:32.158] [exthost] [info] ExtensionService#_doActivateExtension vscode.typescript-language-features, startup: false, activationEvent: 'onLanguage:javascript'
[2022-08-05 16:08:53.596] [exthost] [error] [ecmel.vscode-html-css] provider FAILED
[2022-08-05 16:08:53.596] [exthost] [error] undefined
[2022-08-05 16:11:40.818] [exthost] [error] [ecmel.vscode-html-css] provider FAILED
[2022-08-05 16:11:40.818] [exthost] [error] undefined
[2022-08-05 16:13:51.863] [exthost] [error] [ecmel.vscode-html-css] provider FAILED
[2022-08-05 16:13:51.863] [exthost] [error] undefined
[2022-08-05 16:23:21.107] [exthost] [error] [ecmel.vscode-html-css] provider FAILED
[2022-08-05 16:23:21.107] [exthost] [error] undefined
[2022-08-05 16:26:12.757] [exthost] [info] ExtensionService#_doActivateExtension vscode.debug-server-ready, startup: false, activationEvent: 'onDebugResolve'
[2022-08-05 16:45:53.492] [exthost] [error] [ecmel.vscode-html-css] provider FAILED
[2022-08-05 16:45:53.492] [exthost] [error] undefined
[2022-08-05 16:45:59.552] [exthost] [error] [ecmel.vscode-html-css] provider FAILED
[2022-08-05 16:45:59.552] [exthost] [error] undefined
