[2022-07-18 12:28:05.682] [info] Checking for update
[2022-07-18 12:28:05.716] [info] Error reading /home/h4ck4u/.config/notion-app/cookies.json {
  constructor: 'Error',
  errno: -2,
  syscall: 'open',
  code: 'ENOENT',
  path: '/home/h4ck4u/.config/notion-app/cookies.json',
  stack: "Error: /home/h4ck4u/.config/notion-app/cookies.json: ENOENT: no such file or directory, open '/home/h4ck4u/.config/notion-app/cookies.json'\n" +
    '    at Object.openSync (fs.js:466:3)\n' +
    '    at Object.func [as openSync] (electron/js2c/asar_bundle.js:5:1812)\n' +
    '    at Object.readFileSync (fs.js:368:35)\n' +
    '    at Object.e.readFileSync (electron/js2c/asar_bundle.js:5:8592)\n' +
    '    at Object.readFileSync (/opt/Notion/resources/app.asar/node_modules/jsonfile/index.js:61:22)\n' +
    '    at JsonStore.loadSync (/opt/Notion/resources/app.asar/main/JsonStore.js:38:44)\n' +
    '    at new JsonStore (/opt/Notion/resources/app.asar/main/JsonStore.js:15:14)\n' +
    '    at Object.<anonymous> (/opt/Notion/resources/app.asar/main/schemeHandler.js:37:25)\n' +
    '    at Module._compile (internal/modules/cjs/loader.js:1152:30)\n' +
    '    at Object.Module._extensions..js (internal/modules/cjs/loader.js:1173:10)'
}
[2022-07-18 12:28:06.163] [info] {
  level: 'info',
  from: 'AssetCache',
  type: 'latestVersionPath',
  data: {
    message: 'latestVersion.json path /home/h4ck4u/.config/notion-app/notionAssetCache-v2/latestVersion.json'
  }
}
[2022-07-18 12:28:06.166] [error] Error: Error: ENOENT: no such file or directory, open '/opt/Notion/resources/app-update.yml'
[2022-07-18 12:28:06.167] [info] {
  level: 'info',
  from: 'autoUpdater',
  type: 'unsupportedLinuxApp',
  error: {
    name: 'Error',
    message: "ENOENT: no such file or directory, open '/opt/Notion/resources/app-update.yml'",
    stack: "Error: ENOENT: no such file or directory, open '/opt/Notion/resources/app-update.yml'"
  }
}
[2022-07-18 12:28:06.170] [info] {
  level: 'info',
  from: 'AssetCache',
  type: 'errorReadingPath',
  error: {
    name: 'Error',
    message: "ENOENT: no such file or directory, open '/home/h4ck4u/.config/notion-app/notionAssetCache-v2/latestVersion.json'",
    stack: "Error: ENOENT: no such file or directory, open '/home/h4ck4u/.config/notion-app/notionAssetCache-v2/latestVersion.json'"
  },
  data: {
    message: 'Error reading /home/h4ck4u/.config/notion-app/notionAssetCache-v2/latestVersion.json'
  }
}
[2022-07-18 12:28:06.171] [info] {
  level: 'info',
  from: 'AssetCache',
  type: 'currentVersionLoaded',
  data: {}
}
[2022-07-18 12:28:06.171] [info] {
  level: 'info',
  from: 'AssetCache',
  type: 'syncVersionEmptyLatestVersion'
}
[2022-07-18 12:28:06.171] [info] {
  level: 'info',
  from: 'AssetCache',
  type: 'currentSyncedAssetsJson',
  data: {}
}
[2022-07-18 12:28:06.404] [info] {
  level: 'info',
  from: 'AssetCache',
  type: 'appUpdateAvailable',
  data: { version: '23.10.25.55' }
}
[2022-07-18 12:28:08.954] [info] { level: 'info', from: 'AssetCache', type: 'checkingForAppUpdate2' }
[2022-07-18 12:28:08.954] [info] {
  level: 'info',
  from: 'AssetCache',
  type: 'appUpdateDownloadComplete',
  data: { version: '23.10.25.55' }
}
[2022-07-18 12:28:08.954] [info] {
  level: 'info',
  from: 'AssetCache',
  type: 'installingAppUpdate',
  data: { version: '23.10.25.55' }
}
[2022-07-18 12:28:17.586] [info] Quitting...
[2022-07-18 12:28:17.587] [info] Killing child process
